{"/home/travis/build/npmtest/node-npmtest-marsdb/test.js":{"path":"/home/travis/build/npmtest/node-npmtest-marsdb/test.js","s":{"1":2,"2":2,"3":2,"4":2,"5":2,"6":2,"7":2,"8":1,"9":2,"10":2,"11":1,"12":1,"13":1,"14":1,"15":2,"16":2,"17":2,"18":2,"19":1,"20":1,"21":2,"22":2,"23":2,"24":1,"25":1,"26":1,"27":1,"28":1,"29":1,"30":1,"31":1,"32":1,"33":1,"34":1,"35":1,"36":1,"37":1,"38":1,"39":2,"40":2,"41":1,"42":2,"43":2,"44":1,"45":2,"46":2,"47":1,"48":2,"49":2,"50":1,"51":1,"52":1,"53":1,"54":1},"b":{"1":[2,1,1,1],"2":[1,1,1,1],"3":[1,1],"4":[1,1],"5":[1,1],"6":[1,1],"7":[1,1],"8":[1,1],"9":[1,1],"10":[1,1,1],"11":[1,1],"12":[1,1],"13":[1,1],"14":[1,1],"15":[1,1],"16":[1,1],"17":[1,1]},"f":{"1":2,"2":2,"3":2,"4":2,"5":2,"6":1,"7":1,"8":1,"9":2,"10":2,"11":2,"12":2,"13":1},"fnMap":{"1":{"name":"(anonymous_1)","line":12,"loc":{"start":{"line":12,"column":1},"end":{"line":12,"column":13}}},"2":{"name":"(anonymous_2)","line":19,"loc":{"start":{"line":19,"column":5},"end":{"line":19,"column":17}}},"3":{"name":"(anonymous_3)","line":23,"loc":{"start":{"line":23,"column":24},"end":{"line":23,"column":36}}},"4":{"name":"(anonymous_4)","line":61,"loc":{"start":{"line":61,"column":5},"end":{"line":61,"column":17}}},"5":{"name":"(anonymous_5)","line":82,"loc":{"start":{"line":82,"column":5},"end":{"line":82,"column":17}}},"6":{"name":"(anonymous_6)","line":91,"loc":{"start":{"line":91,"column":77},"end":{"line":94,"column":10}}},"7":{"name":"(anonymous_7)","line":112,"loc":{"start":{"line":112,"column":83},"end":{"line":115,"column":10}},"skip":true},"8":{"name":"(anonymous_8)","line":123,"loc":{"start":{"line":123,"column":77},"end":{"line":126,"column":10}},"skip":true},"9":{"name":"(anonymous_9)","line":139,"loc":{"start":{"line":139,"column":12},"end":{"line":139,"column":40}},"skip":true},"10":{"name":"(anonymous_10)","line":147,"loc":{"start":{"line":147,"column":77},"end":{"line":150,"column":10}},"skip":true},"11":{"name":"(anonymous_11)","line":158,"loc":{"start":{"line":158,"column":83},"end":{"line":161,"column":10}},"skip":true},"12":{"name":"(anonymous_12)","line":169,"loc":{"start":{"line":169,"column":79},"end":{"line":172,"column":10}},"skip":true},"13":{"name":"(anonymous_13)","line":180,"loc":{"start":{"line":180,"column":75},"end":{"line":183,"column":10}},"skip":true}},"statementMap":{"1":{"start":{"line":12,"column":0},"end":{"line":195,"column":5}},"2":{"start":{"line":14,"column":4},"end":{"line":14,"column":14}},"3":{"start":{"line":19,"column":4},"end":{"line":56,"column":9}},"4":{"start":{"line":21,"column":8},"end":{"line":21,"column":19}},"5":{"start":{"line":23,"column":8},"end":{"line":35,"column":13}},"6":{"start":{"line":24,"column":12},"end":{"line":34,"column":13}},"7":{"start":{"line":25,"column":16},"end":{"line":28,"column":30}},"8":{"start":{"line":30,"column":16},"end":{"line":33,"column":27}},"9":{"start":{"line":37,"column":8},"end":{"line":39,"column":21}},"10":{"start":{"line":40,"column":8},"end":{"line":53,"column":9}},"11":{"start":{"line":43,"column":12},"end":{"line":46,"column":14}},"12":{"start":{"line":47,"column":12},"end":{"line":47,"column":18}},"13":{"start":{"line":50,"column":12},"end":{"line":51,"column":33}},"14":{"start":{"line":52,"column":12},"end":{"line":52,"column":18}},"15":{"start":{"line":55,"column":8},"end":{"line":55,"column":35}},"16":{"start":{"line":61,"column":4},"end":{"line":63,"column":9}},"17":{"start":{"line":62,"column":8},"end":{"line":62,"column":15}},"18":{"start":{"line":64,"column":4},"end":{"line":77,"column":5}},"19":{"start":{"line":70,"column":8},"end":{"line":70,"column":14}},"20":{"start":{"line":76,"column":8},"end":{"line":76,"column":14}},"21":{"start":{"line":82,"column":4},"end":{"line":84,"column":9}},"22":{"start":{"line":83,"column":8},"end":{"line":83,"column":15}},"23":{"start":{"line":85,"column":4},"end":{"line":194,"column":5}},"24":{"start":{"line":91,"column":8},"end":{"line":99,"column":10}},"25":{"start":{"line":98,"column":12},"end":{"line":98,"column":35}},"26":{"start":{"line":102,"column":8},"end":{"line":104,"column":63}},"27":{"start":{"line":105,"column":8},"end":{"line":105,"column":14}},"28":{"start":{"line":112,"column":8},"end":{"line":121,"column":10},"skip":true},"29":{"start":{"line":119,"column":12},"end":{"line":119,"column":55},"skip":true},"30":{"start":{"line":120,"column":12},"end":{"line":120,"column":48},"skip":true},"31":{"start":{"line":123,"column":8},"end":{"line":136,"column":10},"skip":true},"32":{"start":{"line":130,"column":12},"end":{"line":130,"column":76},"skip":true},"33":{"start":{"line":131,"column":12},"end":{"line":131,"column":73},"skip":true},"34":{"start":{"line":132,"column":12},"end":{"line":132,"column":74},"skip":true},"35":{"start":{"line":133,"column":12},"end":{"line":133,"column":79},"skip":true},"36":{"start":{"line":134,"column":12},"end":{"line":134,"column":25},"skip":true},"37":{"start":{"line":135,"column":12},"end":{"line":135,"column":45},"skip":true},"38":{"start":{"line":138,"column":8},"end":{"line":145,"column":14},"skip":true},"39":{"start":{"line":143,"column":16},"end":{"line":143,"column":29},"skip":true},"40":{"start":{"line":144,"column":16},"end":{"line":144,"column":55},"skip":true},"41":{"start":{"line":147,"column":8},"end":{"line":156,"column":10},"skip":true},"42":{"start":{"line":154,"column":12},"end":{"line":154,"column":25},"skip":true},"43":{"start":{"line":155,"column":12},"end":{"line":155,"column":45},"skip":true},"44":{"start":{"line":158,"column":8},"end":{"line":167,"column":10},"skip":true},"45":{"start":{"line":165,"column":12},"end":{"line":165,"column":25},"skip":true},"46":{"start":{"line":166,"column":12},"end":{"line":166,"column":48},"skip":true},"47":{"start":{"line":169,"column":8},"end":{"line":178,"column":10},"skip":true},"48":{"start":{"line":176,"column":12},"end":{"line":176,"column":25},"skip":true},"49":{"start":{"line":177,"column":12},"end":{"line":177,"column":46},"skip":true},"50":{"start":{"line":180,"column":8},"end":{"line":189,"column":10},"skip":true},"51":{"start":{"line":187,"column":12},"end":{"line":187,"column":94},"skip":true},"52":{"start":{"line":188,"column":12},"end":{"line":188,"column":48},"skip":true},"53":{"start":{"line":192,"column":8},"end":{"line":192,"column":35},"skip":true},"54":{"start":{"line":193,"column":8},"end":{"line":193,"column":14},"skip":true}},"branchMap":{"1":{"line":25,"type":"binary-expr","locations":[{"start":{"line":25,"column":23},"end":{"line":25,"column":62}},{"start":{"line":26,"column":20},"end":{"line":26,"column":70}},{"start":{"line":27,"column":20},"end":{"line":27,"column":71}},{"start":{"line":28,"column":20},"end":{"line":28,"column":29}}]},"2":{"line":30,"type":"binary-expr","locations":[{"start":{"line":30,"column":23},"end":{"line":30,"column":37}},{"start":{"line":31,"column":20},"end":{"line":31,"column":61}},{"start":{"line":32,"column":20},"end":{"line":32,"column":70}},{"start":{"line":33,"column":20},"end":{"line":33,"column":26}}]},"3":{"line":37,"type":"cond-expr","locations":[{"start":{"line":38,"column":14},"end":{"line":38,"column":20}},{"start":{"line":39,"column":14},"end":{"line":39,"column":20}}]},"4":{"line":40,"type":"switch","locations":[{"start":{"line":42,"column":8},"end":{"line":47,"column":18}},{"start":{"line":49,"column":8},"end":{"line":52,"column":18}}]},"5":{"line":44,"type":"binary-expr","locations":[{"start":{"line":44,"column":16},"end":{"line":44,"column":44}},{"start":{"line":44,"column":48},"end":{"line":44,"column":66}}]},"6":{"line":50,"type":"binary-expr","locations":[{"start":{"line":50,"column":21},"end":{"line":50,"column":49}},{"start":{"line":50,"column":53},"end":{"line":50,"column":72}}]},"7":{"line":64,"type":"switch","locations":[{"start":{"line":69,"column":4},"end":{"line":70,"column":14}},{"start":{"line":75,"column":4},"end":{"line":76,"column":14}}]},"8":{"line":85,"type":"switch","locations":[{"start":{"line":90,"column":4},"end":{"line":105,"column":14}},{"start":{"line":111,"column":4},"end":{"line":193,"column":14},"skip":true}]},"9":{"line":91,"type":"binary-expr","locations":[{"start":{"line":91,"column":42},"end":{"line":91,"column":73}},{"start":{"line":91,"column":77},"end":{"line":99,"column":9}}]},"10":{"line":102,"type":"binary-expr","locations":[{"start":{"line":102,"column":18},"end":{"line":102,"column":32}},{"start":{"line":103,"column":12},"end":{"line":103,"column":53}},{"start":{"line":104,"column":12},"end":{"line":104,"column":61}}]},"11":{"line":112,"type":"binary-expr","locations":[{"start":{"line":112,"column":45},"end":{"line":112,"column":79},"skip":true},{"start":{"line":112,"column":83},"end":{"line":121,"column":9},"skip":true}]},"12":{"line":123,"type":"binary-expr","locations":[{"start":{"line":123,"column":42},"end":{"line":123,"column":73},"skip":true},{"start":{"line":123,"column":77},"end":{"line":136,"column":9},"skip":true}]},"13":{"line":138,"type":"binary-expr","locations":[{"start":{"line":138,"column":48},"end":{"line":138,"column":85},"skip":true},{"start":{"line":139,"column":12},"end":{"line":145,"column":13},"skip":true}]},"14":{"line":147,"type":"binary-expr","locations":[{"start":{"line":147,"column":42},"end":{"line":147,"column":73},"skip":true},{"start":{"line":147,"column":77},"end":{"line":156,"column":9},"skip":true}]},"15":{"line":158,"type":"binary-expr","locations":[{"start":{"line":158,"column":45},"end":{"line":158,"column":79},"skip":true},{"start":{"line":158,"column":83},"end":{"line":167,"column":9},"skip":true}]},"16":{"line":169,"type":"binary-expr","locations":[{"start":{"line":169,"column":43},"end":{"line":169,"column":75},"skip":true},{"start":{"line":169,"column":79},"end":{"line":178,"column":9},"skip":true}]},"17":{"line":180,"type":"binary-expr","locations":[{"start":{"line":180,"column":41},"end":{"line":180,"column":71},"skip":true},{"start":{"line":180,"column":75},"end":{"line":189,"column":9},"skip":true}]}},"code":["/* istanbul instrument in package npmtest_marsdb */","/*jslint","    bitwise: true,","    browser: true,","    maxerr: 8,","    maxlen: 96,","    node: true,","    nomen: true,","    regexp: true,","    stupid: true","*/","(function () {","    'use strict';","    var local;","","","","    // run shared js-env code - pre-init","    (function () {","        // init local","        local = {};","        // init modeJs","        local.modeJs = (function () {","            try {","                return typeof navigator.userAgent === 'string' &&","                    typeof document.querySelector('body') === 'object' &&","                    typeof XMLHttpRequest.prototype.open === 'function' &&","                    'browser';","            } catch (errorCaughtBrowser) {","                return module.exports &&","                    typeof process.versions.node === 'string' &&","                    typeof require('http').createServer === 'function' &&","                    'node';","            }","        }());","        // init global","        local.global = local.modeJs === 'browser'","            ? window","            : global;","        switch (local.modeJs) {","        // re-init local from window.local","        case 'browser':","            local = local.global.utility2.objectSetDefault(","                local.global.utility2_rollup || local.global.local,","                local.global.utility2","            );","            break;","        // re-init local from example.js","        case 'node':","            local = (local.global.utility2_rollup || require('utility2'))","                .requireReadme();","            break;","        }","        // export local","        local.global.local = local;","    }());","","","","    // run shared js-env code - function","    (function () {","        return;","    }());","    switch (local.modeJs) {","","","","    // run browser js-env code - function","    case 'browser':","        break;","","","","    // run node js-env code - function","    case 'node':","        break;","    }","","","","    // run shared js-env code - post-init","    (function () {","        return;","    }());","    switch (local.modeJs) {","","","","    // run browser js-env code - post-init","    case 'browser':","        local.testCase_browser_nullCase = local.testCase_browser_nullCase || function (","            options,","            onError","        ) {","        /*","         * this function will test browsers's null-case handling-behavior-behavior","         */","            onError(null, options);","        };","","        // run tests","        local.nop(local.modeTest &&","            document.querySelector('#testRunButton1') &&","            document.querySelector('#testRunButton1').click());","        break;","","","","    // run node js-env code - post-init","    /* istanbul ignore next */","    case 'node':","        local.testCase_buildApidoc_default = local.testCase_buildApidoc_default || function (","            options,","            onError","        ) {","        /*","         * this function will test buildApidoc's default handling-behavior-behavior","         */","            options = { modulePathList: module.paths };","            local.buildApidoc(options, onError);","        };","","        local.testCase_buildApp_default = local.testCase_buildApp_default || function (","            options,","            onError","        ) {","        /*","         * this function will test buildApp's default handling-behavior-behavior","         */","            local.testCase_buildReadme_default(options, local.onErrorThrow);","            local.testCase_buildLib_default(options, local.onErrorThrow);","            local.testCase_buildTest_default(options, local.onErrorThrow);","            local.testCase_buildCustomOrg_default(options, local.onErrorThrow);","            options = [];","            local.buildApp(options, onError);","        };","","        local.testCase_buildCustomOrg_default = local.testCase_buildCustomOrg_default ||","            function (options, onError) {","            /*","             * this function will test buildCustomOrg's default handling-behavior","             */","                options = {};","                local.buildCustomOrg(options, onError);","            };","","        local.testCase_buildLib_default = local.testCase_buildLib_default || function (","            options,","            onError","        ) {","        /*","         * this function will test buildLib's default handling-behavior","         */","            options = {};","            local.buildLib(options, onError);","        };","","        local.testCase_buildReadme_default = local.testCase_buildReadme_default || function (","            options,","            onError","        ) {","        /*","         * this function will test buildReadme's default handling-behavior-behavior","         */","            options = {};","            local.buildReadme(options, onError);","        };","","        local.testCase_buildTest_default = local.testCase_buildTest_default || function (","            options,","            onError","        ) {","        /*","         * this function will test buildTest's default handling-behavior","         */","            options = {};","            local.buildTest(options, onError);","        };","","        local.testCase_webpage_default = local.testCase_webpage_default || function (","            options,","            onError","        ) {","        /*","         * this function will test webpage's default handling-behavior","         */","            options = { modeCoverageMerge: true, url: local.serverLocalHost + '?modeTest=1' };","            local.browserTest(options, onError);","        };","","        // run test-server","        local.testRunServer(local);","        break;","    }","}());",""],"l":{"12":2,"14":2,"19":2,"21":2,"23":2,"24":2,"25":2,"30":1,"37":2,"40":2,"43":1,"47":1,"50":1,"52":1,"55":2,"61":2,"62":2,"64":2,"70":1,"76":1,"82":2,"83":2,"85":2,"91":1,"98":1,"102":1,"105":1,"112":1,"119":1,"120":1,"123":1,"130":1,"131":1,"132":1,"133":1,"134":1,"135":1,"138":1,"143":2,"144":2,"147":1,"154":2,"155":2,"158":1,"165":2,"166":2,"169":1,"176":2,"177":2,"180":1,"187":1,"188":1,"192":1,"193":1}},"/home/travis/build/npmtest/node-npmtest-marsdb/lib.npmtest_marsdb.js":{"path":"/home/travis/build/npmtest/node-npmtest-marsdb/lib.npmtest_marsdb.js","s":{"1":2,"2":2,"3":2,"4":2,"5":2,"6":2,"7":2,"8":1,"9":2,"10":2,"11":2,"12":2,"13":1,"14":1,"15":1,"16":1},"b":{"1":[2,1,1,1],"2":[1,1,1,1],"3":[1,1],"4":[2,2],"5":[1,1]},"f":{"1":2,"2":2,"3":2},"fnMap":{"1":{"name":"(anonymous_1)","line":12,"loc":{"start":{"line":12,"column":1},"end":{"line":12,"column":13}}},"2":{"name":"(anonymous_2)","line":19,"loc":{"start":{"line":19,"column":5},"end":{"line":19,"column":17}}},"3":{"name":"(anonymous_3)","line":23,"loc":{"start":{"line":23,"column":24},"end":{"line":23,"column":36}}}},"statementMap":{"1":{"start":{"line":12,"column":0},"end":{"line":53,"column":5}},"2":{"start":{"line":14,"column":4},"end":{"line":14,"column":14}},"3":{"start":{"line":19,"column":4},"end":{"line":52,"column":9}},"4":{"start":{"line":21,"column":8},"end":{"line":21,"column":19}},"5":{"start":{"line":23,"column":8},"end":{"line":35,"column":13}},"6":{"start":{"line":24,"column":12},"end":{"line":34,"column":13}},"7":{"start":{"line":25,"column":16},"end":{"line":28,"column":30}},"8":{"start":{"line":30,"column":16},"end":{"line":33,"column":27}},"9":{"start":{"line":37,"column":8},"end":{"line":39,"column":21}},"10":{"start":{"line":41,"column":8},"end":{"line":41,"column":54}},"11":{"start":{"line":43,"column":8},"end":{"line":43,"column":51}},"12":{"start":{"line":45,"column":8},"end":{"line":51,"column":9}},"13":{"start":{"line":46,"column":12},"end":{"line":46,"column":57}},"14":{"start":{"line":48,"column":12},"end":{"line":48,"column":35}},"15":{"start":{"line":49,"column":12},"end":{"line":49,"column":49}},"16":{"start":{"line":50,"column":12},"end":{"line":50,"column":43}}},"branchMap":{"1":{"line":25,"type":"binary-expr","locations":[{"start":{"line":25,"column":23},"end":{"line":25,"column":62}},{"start":{"line":26,"column":20},"end":{"line":26,"column":70}},{"start":{"line":27,"column":20},"end":{"line":27,"column":71}},{"start":{"line":28,"column":20},"end":{"line":28,"column":29}}]},"2":{"line":30,"type":"binary-expr","locations":[{"start":{"line":30,"column":23},"end":{"line":30,"column":37}},{"start":{"line":31,"column":20},"end":{"line":31,"column":61}},{"start":{"line":32,"column":20},"end":{"line":32,"column":70}},{"start":{"line":33,"column":20},"end":{"line":33,"column":26}}]},"3":{"line":37,"type":"cond-expr","locations":[{"start":{"line":38,"column":14},"end":{"line":38,"column":20}},{"start":{"line":39,"column":14},"end":{"line":39,"column":20}}]},"4":{"line":41,"type":"binary-expr","locations":[{"start":{"line":41,"column":16},"end":{"line":41,"column":44}},{"start":{"line":41,"column":48},"end":{"line":41,"column":53}}]},"5":{"line":45,"type":"if","locations":[{"start":{"line":45,"column":8},"end":{"line":45,"column":8}},{"start":{"line":45,"column":8},"end":{"line":45,"column":8}}]}},"code":["/* istanbul instrument in package npmtest_marsdb */","/*jslint","    bitwise: true,","    browser: true,","    maxerr: 8,","    maxlen: 96,","    node: true,","    nomen: true,","    regexp: true,","    stupid: true","*/","(function () {","    'use strict';","    var local;","","","","    // run shared js-env code - pre-init","    (function () {","        // init local","        local = {};","        // init modeJs","        local.modeJs = (function () {","            try {","                return typeof navigator.userAgent === 'string' &&","                    typeof document.querySelector('body') === 'object' &&","                    typeof XMLHttpRequest.prototype.open === 'function' &&","                    'browser';","            } catch (errorCaughtBrowser) {","                return module.exports &&","                    typeof process.versions.node === 'string' &&","                    typeof require('http').createServer === 'function' &&","                    'node';","            }","        }());","        // init global","        local.global = local.modeJs === 'browser'","            ? window","            : global;","        // init utility2_rollup","        local = local.global.utility2_rollup || local;","        // init lib","        local.local = local.npmtest_marsdb = local;","        // init exports","        if (local.modeJs === 'browser') {","            local.global.utility2_npmtest_marsdb = local;","        } else {","            module.exports = local;","            module.exports.__dirname = __dirname;","            module.exports.module = module;","        }","    }());","}());",""],"l":{"12":2,"14":2,"19":2,"21":2,"23":2,"24":2,"25":2,"30":1,"37":2,"41":2,"43":2,"45":2,"46":1,"48":1,"49":1,"50":1}},"/home/travis/build/npmtest/node-npmtest-marsdb/example.js":{"path":"/home/travis/build/npmtest/node-npmtest-marsdb/example.js","s":{"1":2,"2":2,"3":2,"4":2,"5":2,"6":2,"7":2,"8":1,"9":2,"10":2,"11":2,"12":2,"13":1,"14":2,"15":2,"16":2,"17":2,"18":2,"19":0,"20":2,"21":1,"22":1,"23":1,"24":1,"25":1,"26":0,"27":0,"28":1,"29":1,"30":2,"31":0,"32":0,"33":0,"34":1,"35":2,"36":2,"37":3,"38":3,"39":3,"40":3,"41":0,"42":3,"43":3,"44":3,"45":1,"46":3,"47":1,"48":1,"49":1,"50":1,"51":1,"52":1,"53":1,"54":1,"55":1,"56":1,"57":0,"58":1,"59":6,"60":6,"61":1,"62":2,"63":0,"64":2,"65":1,"66":1,"67":0,"68":0,"69":0,"70":0,"71":0,"72":0,"73":0,"74":0,"75":0,"76":0,"77":0,"78":0,"79":0,"80":0,"81":0,"82":0,"83":0},"b":{"1":[2,1,1,1],"2":[1,1,1,1],"3":[1,1],"4":[2,2],"5":[1,1],"6":[1,1],"7":[2,0],"8":[2,1,1,1,1,1],"9":[0,2,0],"10":[1,1],"11":[2,1,1],"12":[1,0],"13":[0,2],"14":[2,0,0,0,0,0,0],"15":[0,3],"16":[3,0],"17":[1,1],"18":[0,1],"19":[1,2,0,2],"20":[1,0],"21":[1,1],"22":[0,0],"23":[0,0],"24":[0,0],"25":[0,0],"26":[0,0],"27":[0,0],"28":[0,0]},"f":{"1":2,"2":2,"3":2,"4":2,"5":2,"6":2,"7":3,"8":3,"9":3,"10":1,"11":6,"12":0},"fnMap":{"1":{"name":"(anonymous_1)","line":26,"loc":{"start":{"line":26,"column":1},"end":{"line":26,"column":13}}},"2":{"name":"(anonymous_2)","line":33,"loc":{"start":{"line":33,"column":5},"end":{"line":33,"column":17}}},"3":{"name":"(anonymous_3)","line":37,"loc":{"start":{"line":37,"column":24},"end":{"line":37,"column":36}}},"4":{"name":"(anonymous_4)","line":69,"loc":{"start":{"line":69,"column":31},"end":{"line":69,"column":48}},"skip":true},"5":{"name":"(anonymous_5)","line":78,"loc":{"start":{"line":78,"column":26},"end":{"line":78,"column":45}},"skip":true},"6":{"name":"(anonymous_6)","line":123,"loc":{"start":{"line":123,"column":33},"end":{"line":123,"column":48}},"skip":true},"7":{"name":"(anonymous_7)","line":125,"loc":{"start":{"line":125,"column":27},"end":{"line":125,"column":39}},"skip":true},"8":{"name":"(anonymous_8)","line":133,"loc":{"start":{"line":133,"column":59},"end":{"line":133,"column":74}},"skip":true},"9":{"name":"(anonymous_9)","line":143,"loc":{"start":{"line":143,"column":45},"end":{"line":143,"column":62}},"skip":true},"10":{"name":"(anonymous_10)","line":144,"loc":{"start":{"line":144,"column":73},"end":{"line":144,"column":92}},"skip":true},"11":{"name":"(anonymous_11)","line":272,"loc":{"start":{"line":272,"column":51},"end":{"line":272,"column":77}},"skip":true},"12":{"name":"(anonymous_12)","line":315,"loc":{"start":{"line":315,"column":32},"end":{"line":315,"column":61}},"skip":true}},"statementMap":{"1":{"start":{"line":26,"column":0},"end":{"line":326,"column":5}},"2":{"start":{"line":28,"column":4},"end":{"line":28,"column":14}},"3":{"start":{"line":33,"column":4},"end":{"line":60,"column":9}},"4":{"start":{"line":35,"column":8},"end":{"line":35,"column":19}},"5":{"start":{"line":37,"column":8},"end":{"line":49,"column":13}},"6":{"start":{"line":38,"column":12},"end":{"line":48,"column":13}},"7":{"start":{"line":39,"column":16},"end":{"line":42,"column":30}},"8":{"start":{"line":44,"column":16},"end":{"line":47,"column":27}},"9":{"start":{"line":51,"column":8},"end":{"line":53,"column":21}},"10":{"start":{"line":55,"column":8},"end":{"line":57,"column":45}},"11":{"start":{"line":59,"column":8},"end":{"line":59,"column":35}},"12":{"start":{"line":61,"column":4},"end":{"line":325,"column":5}},"13":{"start":{"line":69,"column":8},"end":{"line":121,"column":10},"skip":true},"14":{"start":{"line":70,"column":12},"end":{"line":88,"column":13},"skip":true},"15":{"start":{"line":76,"column":16},"end":{"line":87,"column":19},"skip":true},"16":{"start":{"line":79,"column":20},"end":{"line":86,"column":21},"skip":true},"17":{"start":{"line":82,"column":24},"end":{"line":82,"column":43},"skip":true},"18":{"start":{"line":83,"column":24},"end":{"line":83,"column":30},"skip":true},"19":{"start":{"line":85,"column":24},"end":{"line":85,"column":49},"skip":true},"20":{"start":{"line":89,"column":12},"end":{"line":107,"column":13},"skip":true},"21":{"start":{"line":92,"column":16},"end":{"line":102,"column":17},"skip":true},"22":{"start":{"line":93,"column":20},"end":{"line":93,"column":86},"skip":true},"23":{"start":{"line":94,"column":20},"end":{"line":95,"column":45},"skip":true},"24":{"start":{"line":96,"column":20},"end":{"line":96,"column":42},"skip":true},"25":{"start":{"line":97,"column":20},"end":{"line":97,"column":48},"skip":true},"26":{"start":{"line":100,"column":20},"end":{"line":100,"column":85},"skip":true},"27":{"start":{"line":101,"column":20},"end":{"line":101,"column":96},"skip":true},"28":{"start":{"line":103,"column":16},"end":{"line":103,"column":22},"skip":true},"29":{"start":{"line":106,"column":16},"end":{"line":106,"column":22},"skip":true},"30":{"start":{"line":108,"column":12},"end":{"line":120,"column":13},"skip":true},"31":{"start":{"line":114,"column":16},"end":{"line":119,"column":17},"skip":true},"32":{"start":{"line":116,"column":20},"end":{"line":116,"column":78},"skip":true},"33":{"start":{"line":118,"column":20},"end":{"line":118,"column":47},"skip":true},"34":{"start":{"line":123,"column":8},"end":{"line":141,"column":11},"skip":true},"35":{"start":{"line":124,"column":12},"end":{"line":124,"column":54},"skip":true},"36":{"start":{"line":125,"column":12},"end":{"line":140,"column":14},"skip":true},"37":{"start":{"line":126,"column":16},"end":{"line":126,"column":28},"skip":true},"38":{"start":{"line":127,"column":16},"end":{"line":127,"column":69},"skip":true},"39":{"start":{"line":128,"column":16},"end":{"line":128,"column":75},"skip":true},"40":{"start":{"line":129,"column":16},"end":{"line":131,"column":17},"skip":true},"41":{"start":{"line":130,"column":20},"end":{"line":130,"column":27},"skip":true},"42":{"start":{"line":133,"column":16},"end":{"line":137,"column":36},"skip":true},"43":{"start":{"line":134,"column":20},"end":{"line":136,"column":55},"skip":true},"44":{"start":{"line":139,"column":16},"end":{"line":139,"column":57},"skip":true},"45":{"start":{"line":143,"column":8},"end":{"line":147,"column":11},"skip":true},"46":{"start":{"line":144,"column":12},"end":{"line":146,"column":15},"skip":true},"47":{"start":{"line":145,"column":16},"end":{"line":145,"column":70},"skip":true},"48":{"start":{"line":149,"column":8},"end":{"line":149,"column":31},"skip":true},"49":{"start":{"line":150,"column":8},"end":{"line":150,"column":14},"skip":true},"50":{"start":{"line":158,"column":8},"end":{"line":158,"column":31},"skip":true},"51":{"start":{"line":160,"column":8},"end":{"line":160,"column":33},"skip":true},"52":{"start":{"line":161,"column":8},"end":{"line":161,"column":37},"skip":true},"53":{"start":{"line":162,"column":8},"end":{"line":162,"column":35},"skip":true},"54":{"start":{"line":164,"column":8},"end":{"line":164,"column":50},"skip":true},"55":{"start":{"line":166,"column":8},"end":{"line":256,"column":2},"skip":true},"56":{"start":{"line":258,"column":8},"end":{"line":286,"column":9},"skip":true},"57":{"start":{"line":259,"column":12},"end":{"line":269,"column":14},"skip":true},"58":{"start":{"line":271,"column":12},"end":{"line":285,"column":19},"skip":true},"59":{"start":{"line":274,"column":20},"end":{"line":274,"column":35},"skip":true},"60":{"start":{"line":275,"column":20},"end":{"line":284,"column":21},"skip":true},"61":{"start":{"line":277,"column":24},"end":{"line":277,"column":64},"skip":true},"62":{"start":{"line":279,"column":24},"end":{"line":279,"column":40},"skip":true},"63":{"start":{"line":281,"column":24},"end":{"line":281,"column":40},"skip":true},"64":{"start":{"line":283,"column":24},"end":{"line":283,"column":39},"skip":true},"65":{"start":{"line":288,"column":8},"end":{"line":290,"column":9},"skip":true},"66":{"start":{"line":289,"column":12},"end":{"line":289,"column":18},"skip":true},"67":{"start":{"line":291,"column":8},"end":{"line":293,"column":54},"skip":true},"68":{"start":{"line":296,"column":8},"end":{"line":301,"column":37},"skip":true},"69":{"start":{"line":303,"column":8},"end":{"line":303,"column":82},"skip":true},"70":{"start":{"line":306,"column":8},"end":{"line":308,"column":9},"skip":true},"71":{"start":{"line":307,"column":12},"end":{"line":307,"column":82},"skip":true},"72":{"start":{"line":310,"column":8},"end":{"line":312,"column":9},"skip":true},"73":{"start":{"line":311,"column":12},"end":{"line":311,"column":18},"skip":true},"74":{"start":{"line":313,"column":8},"end":{"line":313,"column":54},"skip":true},"75":{"start":{"line":314,"column":8},"end":{"line":314,"column":69},"skip":true},"76":{"start":{"line":315,"column":8},"end":{"line":323,"column":36},"skip":true},"77":{"start":{"line":316,"column":12},"end":{"line":316,"column":61},"skip":true},"78":{"start":{"line":317,"column":12},"end":{"line":320,"column":13},"skip":true},"79":{"start":{"line":318,"column":16},"end":{"line":318,"column":75},"skip":true},"80":{"start":{"line":319,"column":16},"end":{"line":319,"column":23},"skip":true},"81":{"start":{"line":321,"column":12},"end":{"line":321,"column":38},"skip":true},"82":{"start":{"line":322,"column":12},"end":{"line":322,"column":27},"skip":true},"83":{"start":{"line":324,"column":8},"end":{"line":324,"column":14},"skip":true}},"branchMap":{"1":{"line":39,"type":"binary-expr","locations":[{"start":{"line":39,"column":23},"end":{"line":39,"column":62}},{"start":{"line":40,"column":20},"end":{"line":40,"column":70}},{"start":{"line":41,"column":20},"end":{"line":41,"column":71}},{"start":{"line":42,"column":20},"end":{"line":42,"column":29}}]},"2":{"line":44,"type":"binary-expr","locations":[{"start":{"line":44,"column":23},"end":{"line":44,"column":37}},{"start":{"line":45,"column":20},"end":{"line":45,"column":61}},{"start":{"line":46,"column":20},"end":{"line":46,"column":70}},{"start":{"line":47,"column":20},"end":{"line":47,"column":26}}]},"3":{"line":51,"type":"cond-expr","locations":[{"start":{"line":52,"column":14},"end":{"line":52,"column":20}},{"start":{"line":53,"column":14},"end":{"line":53,"column":20}}]},"4":{"line":55,"type":"binary-expr","locations":[{"start":{"line":55,"column":16},"end":{"line":55,"column":44}},{"start":{"line":55,"column":49},"end":{"line":57,"column":43}}]},"5":{"line":55,"type":"cond-expr","locations":[{"start":{"line":56,"column":14},"end":{"line":56,"column":50}},{"start":{"line":57,"column":14},"end":{"line":57,"column":43}}]},"6":{"line":61,"type":"switch","locations":[{"start":{"line":68,"column":4},"end":{"line":150,"column":14},"skip":true},{"start":{"line":156,"column":4},"end":{"line":324,"column":14},"skip":true}]},"7":{"line":70,"type":"if","locations":[{"start":{"line":70,"column":12},"end":{"line":70,"column":12},"skip":true},{"start":{"line":70,"column":12},"end":{"line":70,"column":12},"skip":true}]},"8":{"line":70,"type":"binary-expr","locations":[{"start":{"line":70,"column":16},"end":{"line":70,"column":22},"skip":true},{"start":{"line":70,"column":27},"end":{"line":70,"column":32},"skip":true},{"start":{"line":71,"column":20},"end":{"line":71,"column":39},"skip":true},{"start":{"line":72,"column":20},"end":{"line":72,"column":49},"skip":true},{"start":{"line":73,"column":20},"end":{"line":73,"column":58},"skip":true},{"start":{"line":74,"column":20},"end":{"line":74,"column":69},"skip":true}]},"9":{"line":79,"type":"switch","locations":[{"start":{"line":80,"column":20},"end":{"line":80,"column":33},"skip":true},{"start":{"line":81,"column":20},"end":{"line":83,"column":30},"skip":true},{"start":{"line":84,"column":20},"end":{"line":85,"column":49},"skip":true}]},"10":{"line":89,"type":"switch","locations":[{"start":{"line":90,"column":12},"end":{"line":103,"column":22},"skip":true},{"start":{"line":105,"column":12},"end":{"line":106,"column":22},"skip":true}]},"11":{"line":89,"type":"binary-expr","locations":[{"start":{"line":89,"column":20},"end":{"line":89,"column":25},"skip":true},{"start":{"line":89,"column":29},"end":{"line":89,"column":48},"skip":true},{"start":{"line":89,"column":52},"end":{"line":89,"column":74},"skip":true}]},"12":{"line":92,"type":"if","locations":[{"start":{"line":92,"column":16},"end":{"line":92,"column":16},"skip":true},{"start":{"line":92,"column":16},"end":{"line":92,"column":16},"skip":true}]},"13":{"line":108,"type":"if","locations":[{"start":{"line":108,"column":12},"end":{"line":108,"column":12},"skip":true},{"start":{"line":108,"column":12},"end":{"line":108,"column":12},"skip":true}]},"14":{"line":108,"type":"binary-expr","locations":[{"start":{"line":108,"column":16},"end":{"line":108,"column":61},"skip":true},{"start":{"line":108,"column":66},"end":{"line":108,"column":72},"skip":true},{"start":{"line":108,"column":77},"end":{"line":108,"column":82},"skip":true},{"start":{"line":109,"column":20},"end":{"line":109,"column":39},"skip":true},{"start":{"line":110,"column":20},"end":{"line":110,"column":49},"skip":true},{"start":{"line":111,"column":20},"end":{"line":111,"column":58},"skip":true},{"start":{"line":112,"column":20},"end":{"line":112,"column":68},"skip":true}]},"15":{"line":129,"type":"if","locations":[{"start":{"line":129,"column":16},"end":{"line":129,"column":16},"skip":true},{"start":{"line":129,"column":16},"end":{"line":129,"column":16},"skip":true}]},"16":{"line":134,"type":"cond-expr","locations":[{"start":{"line":135,"column":26},"end":{"line":135,"column":29},"skip":true},{"start":{"line":136,"column":26},"end":{"line":136,"column":54},"skip":true}]},"17":{"line":164,"type":"binary-expr","locations":[{"start":{"line":164,"column":27},"end":{"line":164,"column":43},"skip":true},{"start":{"line":164,"column":47},"end":{"line":164,"column":49},"skip":true}]},"18":{"line":258,"type":"if","locations":[{"start":{"line":258,"column":8},"end":{"line":258,"column":8},"skip":true},{"start":{"line":258,"column":8},"end":{"line":258,"column":8},"skip":true}]},"19":{"line":275,"type":"switch","locations":[{"start":{"line":276,"column":20},"end":{"line":277,"column":64},"skip":true},{"start":{"line":278,"column":20},"end":{"line":279,"column":40},"skip":true},{"start":{"line":280,"column":20},"end":{"line":281,"column":40},"skip":true},{"start":{"line":282,"column":20},"end":{"line":283,"column":39},"skip":true}]},"20":{"line":288,"type":"if","locations":[{"start":{"line":288,"column":8},"end":{"line":288,"column":8},"skip":true},{"start":{"line":288,"column":8},"end":{"line":288,"column":8},"skip":true}]},"21":{"line":288,"type":"binary-expr","locations":[{"start":{"line":288,"column":12},"end":{"line":288,"column":40},"skip":true},{"start":{"line":288,"column":44},"end":{"line":288,"column":67},"skip":true}]},"22":{"line":292,"type":"binary-expr","locations":[{"start":{"line":292,"column":12},"end":{"line":292,"column":50},"skip":true},{"start":{"line":293,"column":12},"end":{"line":293,"column":53},"skip":true}]},"23":{"line":297,"type":"binary-expr","locations":[{"start":{"line":297,"column":12},"end":{"line":297,"column":64},"skip":true},{"start":{"line":298,"column":12},"end":{"line":301,"column":36},"skip":true}]},"24":{"line":303,"type":"binary-expr","locations":[{"start":{"line":303,"column":43},"end":{"line":303,"column":75},"skip":true},{"start":{"line":303,"column":79},"end":{"line":303,"column":81},"skip":true}]},"25":{"line":306,"type":"if","locations":[{"start":{"line":306,"column":8},"end":{"line":306,"column":8},"skip":true},{"start":{"line":306,"column":8},"end":{"line":306,"column":8},"skip":true}]},"26":{"line":310,"type":"if","locations":[{"start":{"line":310,"column":8},"end":{"line":310,"column":8},"skip":true},{"start":{"line":310,"column":8},"end":{"line":310,"column":8},"skip":true}]},"27":{"line":313,"type":"binary-expr","locations":[{"start":{"line":313,"column":27},"end":{"line":313,"column":43},"skip":true},{"start":{"line":313,"column":47},"end":{"line":313,"column":53},"skip":true}]},"28":{"line":317,"type":"if","locations":[{"start":{"line":317,"column":12},"end":{"line":317,"column":12},"skip":true},{"start":{"line":317,"column":12},"end":{"line":317,"column":12},"skip":true}]}},"code":["/*","example.js","","quickstart example","","instruction","    1. save this script as example.js","    2. run the shell command:","        $ npm install npmtest-marsdb && PORT=8081 node example.js","    3. play with the browser-demo on http://127.0.0.1:8081","*/","","","","/* istanbul instrument in package npmtest_marsdb */","/*jslint","    bitwise: true,","    browser: true,","    maxerr: 8,","    maxlen: 96,","    node: true,","    nomen: true,","    regexp: true,","    stupid: true","*/","(function () {","    'use strict';","    var local;","","","","    // run shared js-env code - pre-init","    (function () {","        // init local","        local = {};","        // init modeJs","        local.modeJs = (function () {","            try {","                return typeof navigator.userAgent === 'string' &&","                    typeof document.querySelector('body') === 'object' &&","                    typeof XMLHttpRequest.prototype.open === 'function' &&","                    'browser';","            } catch (errorCaughtBrowser) {","                return module.exports &&","                    typeof process.versions.node === 'string' &&","                    typeof require('http').createServer === 'function' &&","                    'node';","            }","        }());","        // init global","        local.global = local.modeJs === 'browser'","            ? window","            : global;","        // init utility2_rollup","        local = local.global.utility2_rollup || (local.modeJs === 'browser'","            ? local.global.utility2_npmtest_marsdb","            : global.utility2_moduleExports);","        // export local","        local.global.local = local;","    }());","    switch (local.modeJs) {","","","","    // post-init","    // run browser js-env code - post-init","    /* istanbul ignore next */","    case 'browser':","        local.testRunBrowser = function (event) {","            if (!event || (event &&","                    event.currentTarget &&","                    event.currentTarget.className &&","                    event.currentTarget.className.includes &&","                    event.currentTarget.className.includes('onreset'))) {","                // reset output","                Array.from(","                    document.querySelectorAll('body > .resettable')","                ).forEach(function (element) {","                    switch (element.tagName) {","                    case 'INPUT':","                    case 'TEXTAREA':","                        element.value = '';","                        break;","                    default:","                        element.textContent = '';","                    }","                });","            }","            switch (event && event.currentTarget && event.currentTarget.id) {","            case 'testRunButton1':","                // show tests","                if (document.querySelector('#testReportDiv1').style.display === 'none') {","                    document.querySelector('#testReportDiv1').style.display = 'block';","                    document.querySelector('#testRunButton1').textContent =","                        'hide internal test';","                    local.modeTest = true;","                    local.testRunDefault(local);","                // hide tests","                } else {","                    document.querySelector('#testReportDiv1').style.display = 'none';","                    document.querySelector('#testRunButton1').textContent = 'run internal test';","                }","                break;","            // custom-case","            default:","                break;","            }","            if (document.querySelector('#inputTextareaEval1') && (!event || (event &&","                    event.currentTarget &&","                    event.currentTarget.className &&","                    event.currentTarget.className.includes &&","                    event.currentTarget.className.includes('oneval')))) {","                // try to eval input-code","                try {","                    /*jslint evil: true*/","                    eval(document.querySelector('#inputTextareaEval1').value);","                } catch (errorCaught) {","                    console.error(errorCaught);","                }","            }","        };","        // log stderr and stdout to #outputTextareaStdout1","        ['error', 'log'].forEach(function (key) {","            console[key + '_original'] = console[key];","            console[key] = function () {","                var element;","                console[key + '_original'].apply(console, arguments);","                element = document.querySelector('#outputTextareaStdout1');","                if (!element) {","                    return;","                }","                // append text to #outputTextareaStdout1","                element.value += Array.from(arguments).map(function (arg) {","                    return typeof arg === 'string'","                        ? arg","                        : JSON.stringify(arg, null, 4);","                }).join(' ') + '\\n';","                // scroll textarea to bottom","                element.scrollTop = element.scrollHeight;","            };","        });","        // init event-handling","        ['change', 'click', 'keyup'].forEach(function (event) {","            Array.from(document.querySelectorAll('.on' + event)).forEach(function (element) {","                element.addEventListener(event, local.testRunBrowser);","            });","        });","        // run tests","        local.testRunBrowser();","        break;","","","","    // run node js-env code - post-init","    /* istanbul ignore next */","    case 'node':","        // export local","        module.exports = local;","        // require modules","        local.fs = require('fs');","        local.http = require('http');","        local.url = require('url');","        // init assets","        local.assetsDict = local.assetsDict || {};","        /* jslint-ignore-begin */","        local.assetsDict['/assets.index.template.html'] = '\\","<!doctype html>\\n\\","<html lang=\"en\">\\n\\","<head>\\n\\","<meta charset=\"UTF-8\">\\n\\","<meta name=\"viewport\" content=\"width=device-width, initial-scale=1\">\\n\\","<title>{{env.npm_package_name}} (v{{env.npm_package_version}})</title>\\n\\","<style>\\n\\","/*csslint\\n\\","    box-sizing: false,\\n\\","    universal-selector: false\\n\\","*/\\n\\","* {\\n\\","    box-sizing: border-box;\\n\\","}\\n\\","body {\\n\\","    background: #dde;\\n\\","    font-family: Arial, Helvetica, sans-serif;\\n\\","    margin: 2rem;\\n\\","}\\n\\","body > * {\\n\\","    margin-bottom: 1rem;\\n\\","}\\n\\",".utility2FooterDiv {\\n\\","    margin-top: 20px;\\n\\","    text-align: center;\\n\\","}\\n\\","</style>\\n\\","<style>\\n\\","/*csslint\\n\\","*/\\n\\","textarea {\\n\\","    font-family: monospace;\\n\\","    height: 10rem;\\n\\","    width: 100%;\\n\\","}\\n\\","textarea[readonly] {\\n\\","    background: #ddd;\\n\\","}\\n\\","</style>\\n\\","</head>\\n\\","<body>\\n\\","<!-- utility2-comment\\n\\","<div id=\"ajaxProgressDiv1\" style=\"background: #d00; height: 2px; left: 0; margin: 0; padding: 0; position: fixed; top: 0; transition: background 0.5s, width 1.5s; width: 25%;\"></div>\\n\\","utility2-comment -->\\n\\","<h1>\\n\\","<!-- utility2-comment\\n\\","    <a\\n\\","        {{#if env.npm_package_homepage}}\\n\\","        href=\"{{env.npm_package_homepage}}\"\\n\\","        {{/if env.npm_package_homepage}}\\n\\","        target=\"_blank\"\\n\\","    >\\n\\","utility2-comment -->\\n\\","        {{env.npm_package_name}} (v{{env.npm_package_version}})\\n\\","<!-- utility2-comment\\n\\","    </a>\\n\\","utility2-comment -->\\n\\","</h1>\\n\\","<h3>{{env.npm_package_description}}</h3>\\n\\","<!-- utility2-comment\\n\\","<h4><a download href=\"assets.app.js\">download standalone app</a></h4>\\n\\","<button class=\"onclick onreset\" id=\"testRunButton1\">run internal test</button><br>\\n\\","<div id=\"testReportDiv1\" style=\"display: none;\"></div>\\n\\","utility2-comment -->\\n\\","\\n\\","\\n\\","\\n\\","<label>stderr and stdout</label>\\n\\","<textarea class=\"resettable\" id=\"outputTextareaStdout1\" readonly></textarea>\\n\\","<!-- utility2-comment\\n\\","{{#if isRollup}}\\n\\","<script src=\"assets.app.js\"></script>\\n\\","{{#unless isRollup}}\\n\\","utility2-comment -->\\n\\","<script src=\"assets.utility2.rollup.js\"></script>\\n\\","<script src=\"jsonp.utility2._stateInit?callback=window.utility2._stateInit\"></script>\\n\\","<script src=\"assets.npmtest_marsdb.rollup.js\"></script>\\n\\","<script src=\"assets.example.js\"></script>\\n\\","<script src=\"assets.test.js\"></script>\\n\\","<!-- utility2-comment\\n\\","{{/if isRollup}}\\n\\","utility2-comment -->\\n\\","<div class=\"utility2FooterDiv\">\\n\\","    [ this app was created with\\n\\","    <a href=\"https://github.com/kaizhu256/node-utility2\" target=\"_blank\">utility2</a>\\n\\","    ]\\n\\","</div>\\n\\","</body>\\n\\","</html>\\n\\","';","        /* jslint-ignore-end */","        if (local.templateRender) {","            local.assetsDict['/'] = local.templateRender(","                local.assetsDict['/assets.index.template.html'],","                {","                    env: local.objectSetDefault(local.env, {","                        npm_package_description: 'the greatest app in the world!',","                        npm_package_name: 'my-app',","                        npm_package_nameAlias: 'my_app',","                        npm_package_version: '0.0.1'","                    })","                }","            );","        } else {","            local.assetsDict['/'] = local.assetsDict['/assets.index.template.html']","                .replace((/\\{\\{env\\.(\\w+?)\\}\\}/g), function (match0, match1) {","                    // jslint-hack","                    String(match0);","                    switch (match1) {","                    case 'npm_package_description':","                        return 'the greatest app in the world!';","                    case 'npm_package_name':","                        return 'my-app';","                    case 'npm_package_nameAlias':","                        return 'my_app';","                    case 'npm_package_version':","                        return '0.0.1';","                    }","                });","        }","        // run the cli","        if (local.global.utility2_rollup || module !== require.main) {","            break;","        }","        local.assetsDict['/assets.example.js'] =","            local.assetsDict['/assets.example.js'] ||","            local.fs.readFileSync(__filename, 'utf8');","        // bug-workaround - long $npm_package_buildCustomOrg","        /* jslint-ignore-begin */","        local.assetsDict['/assets.npmtest_marsdb.rollup.js'] =","            local.assetsDict['/assets.npmtest_marsdb.rollup.js'] ||","            local.fs.readFileSync(","                local.npmtest_marsdb.__dirname + '/lib.npmtest_marsdb.js',","                'utf8'","            ).replace((/^#!/), '//');","        /* jslint-ignore-end */","        local.assetsDict['/favicon.ico'] = local.assetsDict['/favicon.ico'] || '';","        // if $npm_config_timeout_exit exists,","        // then exit this process after $npm_config_timeout_exit ms","        if (Number(process.env.npm_config_timeout_exit)) {","            setTimeout(process.exit, Number(process.env.npm_config_timeout_exit));","        }","        // start server","        if (local.global.utility2_serverHttp1) {","            break;","        }","        process.env.PORT = process.env.PORT || '8081';","        console.error('server starting on port ' + process.env.PORT);","        local.http.createServer(function (request, response) {","            request.urlParsed = local.url.parse(request.url);","            if (local.assetsDict[request.urlParsed.pathname] !== undefined) {","                response.end(local.assetsDict[request.urlParsed.pathname]);","                return;","            }","            response.statusCode = 404;","            response.end();","        }).listen(process.env.PORT);","        break;","    }","}());",""],"l":{"26":2,"28":2,"33":2,"35":2,"37":2,"38":2,"39":2,"44":1,"51":2,"55":2,"59":2,"61":2,"69":1,"70":2,"76":2,"79":2,"82":2,"83":2,"85":1,"89":2,"92":1,"93":1,"94":1,"96":1,"97":1,"100":1,"101":1,"103":1,"106":1,"108":2,"114":1,"116":1,"118":1,"123":1,"124":2,"125":2,"126":3,"127":3,"128":3,"129":3,"130":1,"133":3,"134":3,"139":3,"143":1,"144":3,"145":1,"149":1,"150":1,"158":1,"160":1,"161":1,"162":1,"164":1,"166":1,"258":1,"259":1,"271":1,"274":6,"275":6,"277":1,"279":2,"281":1,"283":2,"288":1,"289":1,"291":1,"296":1,"303":1,"306":1,"307":1,"310":1,"311":1,"313":1,"314":1,"315":1,"316":1,"317":1,"318":1,"319":1,"321":1,"322":1,"324":1}},"/home/travis/build/npmtest/node-npmtest-marsdb/node_modules/marsdb/index.js":{"path":"/home/travis/build/npmtest/node-npmtest-marsdb/node_modules/marsdb/index.js","s":{"1":1,"2":1,"3":1,"4":1,"5":1,"6":1,"7":1,"8":1,"9":1,"10":1},"b":{},"f":{},"fnMap":{},"statementMap":{"1":{"start":{"line":1,"column":0},"end":{"line":1,"column":63}},"2":{"start":{"line":2,"column":0},"end":{"line":2,"column":54}},"3":{"start":{"line":3,"column":0},"end":{"line":3,"column":66}},"4":{"start":{"line":4,"column":0},"end":{"line":4,"column":50}},"5":{"start":{"line":5,"column":0},"end":{"line":5,"column":62}},"6":{"start":{"line":6,"column":0},"end":{"line":6,"column":46}},"7":{"start":{"line":7,"column":0},"end":{"line":7,"column":44}},"8":{"start":{"line":8,"column":0},"end":{"line":8,"column":46}},"9":{"start":{"line":9,"column":0},"end":{"line":9,"column":58}},"10":{"start":{"line":12,"column":0},"end":{"line":24,"column":2}}},"branchMap":{},"code":["var EventEmitter = require('./dist/AsyncEventEmitter').default;","var Collection = require('./dist/Collection').default;","var CursorObservable = require('./dist/CursorObservable').default;","var debounce = require('./dist/debounce').default;","var StorageManager = require('./dist/StorageManager').default;","var Random = require('./dist/Random').default;","var EJSON = require('./dist/EJSON').default;","var Base64 = require('./dist/Base64').default;","var PromiseQueue = require('./dist/PromiseQueue').default;","","","module.exports = {","  __esModule: true,","  default: Collection,","  Random: Random,","  EJSON: EJSON,","  Base64: Base64,","  Collection: Collection,","  CursorObservable: CursorObservable,","  StorageManager: StorageManager,","  EventEmitter: EventEmitter,","  PromiseQueue: PromiseQueue,","  debounce: debounce","};",""],"l":{"1":1,"2":1,"3":1,"4":1,"5":1,"6":1,"7":1,"8":1,"9":1,"12":1}},"/home/travis/build/npmtest/node-npmtest-marsdb/node_modules/marsdb/dist/AsyncEventEmitter.js":{"path":"/home/travis/build/npmtest/node-npmtest-marsdb/node_modules/marsdb/dist/AsyncEventEmitter.js","s":{"1":1,"2":1,"3":1,"4":1,"5":1,"6":1,"7":1,"8":1,"9":1,"10":1,"11":1,"12":1,"13":1,"14":0,"15":1,"16":1,"17":1,"18":1,"19":1,"20":1,"21":1,"22":0,"23":0,"24":1,"25":0,"26":0,"27":0,"28":1,"29":1,"30":0,"31":1,"32":1,"33":1,"34":1,"35":1,"36":1,"37":0,"38":0,"39":1,"40":0,"41":0,"42":0,"43":0,"44":0,"45":0,"46":0,"47":0,"48":0,"49":0,"50":0,"51":0,"52":0,"53":0,"54":0,"55":0,"56":0,"57":0,"58":0,"59":0,"60":0,"61":0,"62":0,"63":0,"64":0,"65":0,"66":0,"67":0,"68":0,"69":0,"70":0,"71":0,"72":0,"73":0,"74":0,"75":0,"76":0,"77":0,"78":0,"79":1,"80":1},"b":{"1":[1,1],"2":[1,0],"3":[1,0],"4":[0,1],"5":[0,1],"6":[1,1],"7":[0,0],"8":[0,0],"9":[0,0],"10":[0,0,0],"11":[0,1],"12":[1,0],"13":[1,1],"14":[1,0],"15":[1,0],"16":[0,0],"17":[0,0],"18":[0,0],"19":[0,0],"20":[0,0],"21":[0,0,0,0,0,0],"22":[0,0],"23":[0,0,0,0],"24":[0,0]},"f":{"1":1,"2":1,"3":1,"4":1,"5":0,"6":0,"7":1,"8":1,"9":0,"10":0},"fnMap":{"1":{"name":"(anonymous_1)","line":3,"loc":{"start":{"line":3,"column":19},"end":{"line":3,"column":31}}},"2":{"name":"defineProperties","line":3,"loc":{"start":{"line":3,"column":33},"end":{"line":3,"column":74}}},"3":{"name":"(anonymous_3)","line":3,"loc":{"start":{"line":3,"column":357},"end":{"line":3,"column":405}}},"4":{"name":"_interopRequireDefault","line":13,"loc":{"start":{"line":13,"column":0},"end":{"line":13,"column":37}}},"5":{"name":"_classCallCheck","line":15,"loc":{"start":{"line":15,"column":0},"end":{"line":15,"column":48}}},"6":{"name":"_possibleConstructorReturn","line":17,"loc":{"start":{"line":17,"column":0},"end":{"line":17,"column":48}}},"7":{"name":"_inherits","line":19,"loc":{"start":{"line":19,"column":0},"end":{"line":19,"column":41}}},"8":{"name":"(anonymous_8)","line":28,"loc":{"start":{"line":28,"column":24},"end":{"line":28,"column":49}},"skip":true},"9":{"name":"AsyncEventEmitter","line":31,"loc":{"start":{"line":31,"column":2},"end":{"line":31,"column":31}},"skip":true},"10":{"name":"emitAsync","line":46,"loc":{"start":{"line":46,"column":11},"end":{"line":46,"column":57}},"skip":true}},"statementMap":{"1":{"start":{"line":3,"column":0},"end":{"line":3,"column":564}},"2":{"start":{"line":3,"column":33},"end":{"line":3,"column":349}},"3":{"start":{"line":3,"column":76},"end":{"line":3,"column":347}},"4":{"start":{"line":3,"column":117},"end":{"line":3,"column":143}},"5":{"start":{"line":3,"column":144},"end":{"line":3,"column":199}},"6":{"start":{"line":3,"column":200},"end":{"line":3,"column":231}},"7":{"start":{"line":3,"column":232},"end":{"line":3,"column":286}},"8":{"start":{"line":3,"column":259},"end":{"line":3,"column":286}},"9":{"start":{"line":3,"column":287},"end":{"line":3,"column":345}},"10":{"start":{"line":3,"column":350},"end":{"line":3,"column":559}},"11":{"start":{"line":3,"column":407},"end":{"line":3,"column":475}},"12":{"start":{"line":3,"column":423},"end":{"line":3,"column":475}},"13":{"start":{"line":3,"column":476},"end":{"line":3,"column":536}},"14":{"start":{"line":3,"column":493},"end":{"line":3,"column":536}},"15":{"start":{"line":3,"column":537},"end":{"line":3,"column":556}},"16":{"start":{"line":5,"column":0},"end":{"line":7,"column":3}},"17":{"start":{"line":9,"column":0},"end":{"line":9,"column":45}},"18":{"start":{"line":11,"column":0},"end":{"line":11,"column":59}},"19":{"start":{"line":13,"column":0},"end":{"line":13,"column":95}},"20":{"start":{"line":13,"column":39},"end":{"line":13,"column":93}},"21":{"start":{"line":15,"column":0},"end":{"line":15,"column":153}},"22":{"start":{"line":15,"column":50},"end":{"line":15,"column":151}},"23":{"start":{"line":15,"column":92},"end":{"line":15,"column":149}},"24":{"start":{"line":17,"column":0},"end":{"line":17,"column":240}},"25":{"start":{"line":17,"column":50},"end":{"line":17,"column":151}},"26":{"start":{"line":17,"column":63},"end":{"line":17,"column":149}},"27":{"start":{"line":17,"column":152},"end":{"line":17,"column":238}},"28":{"start":{"line":19,"column":0},"end":{"line":19,"column":494}},"29":{"start":{"line":19,"column":43},"end":{"line":19,"column":208}},"30":{"start":{"line":19,"column":106},"end":{"line":19,"column":206}},"31":{"start":{"line":19,"column":209},"end":{"line":19,"column":373}},"32":{"start":{"line":19,"column":374},"end":{"line":19,"column":492}},"33":{"start":{"line":19,"column":390},"end":{"line":19,"column":492}},"34":{"start":{"line":28,"column":0},"end":{"line":117,"column":26},"skip":true},"35":{"start":{"line":29,"column":2},"end":{"line":29,"column":46},"skip":true},"36":{"start":{"line":31,"column":2},"end":{"line":35,"column":3},"skip":true},"37":{"start":{"line":32,"column":4},"end":{"line":32,"column":45},"skip":true},"38":{"start":{"line":34,"column":4},"end":{"line":34,"column":109},"skip":true},"39":{"start":{"line":37,"column":2},"end":{"line":114,"column":6},"skip":true},"40":{"start":{"line":47,"column":6},"end":{"line":47,"column":51},"skip":true},"41":{"start":{"line":48,"column":6},"end":{"line":48,"column":48},"skip":true},"42":{"start":{"line":50,"column":6},"end":{"line":52,"column":7},"skip":true},"43":{"start":{"line":51,"column":8},"end":{"line":51,"column":33},"skip":true},"44":{"start":{"line":54,"column":6},"end":{"line":54,"column":24},"skip":true},"45":{"start":{"line":55,"column":6},"end":{"line":55,"column":40},"skip":true},"46":{"start":{"line":56,"column":6},"end":{"line":56,"column":33},"skip":true},"47":{"start":{"line":57,"column":6},"end":{"line":57,"column":27},"skip":true},"48":{"start":{"line":59,"column":6},"end":{"line":112,"column":7},"skip":true},"49":{"start":{"line":60,"column":8},"end":{"line":62,"column":9},"skip":true},"50":{"start":{"line":61,"column":10},"end":{"line":61,"column":68},"skip":true},"51":{"start":{"line":64,"column":8},"end":{"line":77,"column":9},"skip":true},"52":{"start":{"line":66,"column":12},"end":{"line":66,"column":73},"skip":true},"53":{"start":{"line":68,"column":12},"end":{"line":68,"column":77},"skip":true},"54":{"start":{"line":70,"column":12},"end":{"line":70,"column":81},"skip":true},"55":{"start":{"line":72,"column":12},"end":{"line":72,"column":85},"skip":true},"56":{"start":{"line":74,"column":12},"end":{"line":74,"column":89},"skip":true},"57":{"start":{"line":76,"column":12},"end":{"line":76,"column":93},"skip":true},"58":{"start":{"line":79,"column":8},"end":{"line":81,"column":9},"skip":true},"59":{"start":{"line":80,"column":10},"end":{"line":80,"column":37},"skip":true},"60":{"start":{"line":83,"column":8},"end":{"line":83,"column":76},"skip":true},"61":{"start":{"line":85,"column":8},"end":{"line":85,"column":26},"skip":true},"62":{"start":{"line":86,"column":8},"end":{"line":86,"column":38},"skip":true},"63":{"start":{"line":87,"column":8},"end":{"line":87,"column":26},"skip":true},"64":{"start":{"line":89,"column":8},"end":{"line":109,"column":9},"skip":true},"65":{"start":{"line":90,"column":10},"end":{"line":92,"column":11},"skip":true},"66":{"start":{"line":91,"column":12},"end":{"line":91,"column":73},"skip":true},"67":{"start":{"line":94,"column":10},"end":{"line":108,"column":11},"skip":true},"68":{"start":{"line":96,"column":14},"end":{"line":96,"column":89},"skip":true},"69":{"start":{"line":96,"column":89},"end":{"line":96,"column":95},"skip":true},"70":{"start":{"line":98,"column":14},"end":{"line":98,"column":93},"skip":true},"71":{"start":{"line":98,"column":93},"end":{"line":98,"column":99},"skip":true},"72":{"start":{"line":100,"column":14},"end":{"line":100,"column":97},"skip":true},"73":{"start":{"line":100,"column":97},"end":{"line":100,"column":103},"skip":true},"74":{"start":{"line":102,"column":14},"end":{"line":106,"column":15},"skip":true},"75":{"start":{"line":103,"column":16},"end":{"line":105,"column":17},"skip":true},"76":{"start":{"line":104,"column":18},"end":{"line":104,"column":45},"skip":true},"77":{"start":{"line":107,"column":14},"end":{"line":107,"column":96},"skip":true},"78":{"start":{"line":111,"column":8},"end":{"line":111,"column":37},"skip":true},"79":{"start":{"line":116,"column":2},"end":{"line":116,"column":27},"skip":true},"80":{"start":{"line":119,"column":0},"end":{"line":119,"column":36}}},"branchMap":{"1":{"line":3,"type":"binary-expr","locations":[{"start":{"line":3,"column":168},"end":{"line":3,"column":189}},{"start":{"line":3,"column":193},"end":{"line":3,"column":198}}]},"2":{"line":3,"type":"if","locations":[{"start":{"line":3,"column":232},"end":{"line":3,"column":232}},{"start":{"line":3,"column":232},"end":{"line":3,"column":232}}]},"3":{"line":3,"type":"if","locations":[{"start":{"line":3,"column":407},"end":{"line":3,"column":407}},{"start":{"line":3,"column":407},"end":{"line":3,"column":407}}]},"4":{"line":3,"type":"if","locations":[{"start":{"line":3,"column":476},"end":{"line":3,"column":476}},{"start":{"line":3,"column":476},"end":{"line":3,"column":476}}]},"5":{"line":13,"type":"cond-expr","locations":[{"start":{"line":13,"column":70},"end":{"line":13,"column":73}},{"start":{"line":13,"column":76},"end":{"line":13,"column":92}}]},"6":{"line":13,"type":"binary-expr","locations":[{"start":{"line":13,"column":46},"end":{"line":13,"column":49}},{"start":{"line":13,"column":53},"end":{"line":13,"column":67}}]},"7":{"line":15,"type":"if","locations":[{"start":{"line":15,"column":50},"end":{"line":15,"column":50}},{"start":{"line":15,"column":50},"end":{"line":15,"column":50}}]},"8":{"line":17,"type":"if","locations":[{"start":{"line":17,"column":50},"end":{"line":17,"column":50}},{"start":{"line":17,"column":50},"end":{"line":17,"column":50}}]},"9":{"line":17,"type":"cond-expr","locations":[{"start":{"line":17,"column":226},"end":{"line":17,"column":230}},{"start":{"line":17,"column":233},"end":{"line":17,"column":237}}]},"10":{"line":17,"type":"binary-expr","locations":[{"start":{"line":17,"column":159},"end":{"line":17,"column":163}},{"start":{"line":17,"column":168},"end":{"line":17,"column":192}},{"start":{"line":17,"column":196},"end":{"line":17,"column":222}}]},"11":{"line":19,"type":"if","locations":[{"start":{"line":19,"column":43},"end":{"line":19,"column":43}},{"start":{"line":19,"column":43},"end":{"line":19,"column":43}}]},"12":{"line":19,"type":"binary-expr","locations":[{"start":{"line":19,"column":47},"end":{"line":19,"column":79}},{"start":{"line":19,"column":83},"end":{"line":19,"column":102}}]},"13":{"line":19,"type":"binary-expr","locations":[{"start":{"line":19,"column":244},"end":{"line":19,"column":254}},{"start":{"line":19,"column":258},"end":{"line":19,"column":278}}]},"14":{"line":19,"type":"if","locations":[{"start":{"line":19,"column":374},"end":{"line":19,"column":374}},{"start":{"line":19,"column":374},"end":{"line":19,"column":374}}]},"15":{"line":19,"type":"cond-expr","locations":[{"start":{"line":19,"column":414},"end":{"line":19,"column":457}},{"start":{"line":19,"column":460},"end":{"line":19,"column":491}}]},"16":{"line":48,"type":"cond-expr","locations":[{"start":{"line":48,"column":25},"end":{"line":48,"column":39},"skip":true},{"start":{"line":48,"column":42},"end":{"line":48,"column":47},"skip":true}]},"17":{"line":50,"type":"if","locations":[{"start":{"line":50,"column":6},"end":{"line":50,"column":6},"skip":true},{"start":{"line":50,"column":6},"end":{"line":50,"column":6},"skip":true}]},"18":{"line":50,"type":"binary-expr","locations":[{"start":{"line":50,"column":10},"end":{"line":50,"column":23},"skip":true},{"start":{"line":50,"column":27},"end":{"line":50,"column":45},"skip":true}]},"19":{"line":59,"type":"if","locations":[{"start":{"line":59,"column":6},"end":{"line":59,"column":6},"skip":true},{"start":{"line":59,"column":6},"end":{"line":59,"column":6},"skip":true}]},"20":{"line":60,"type":"if","locations":[{"start":{"line":60,"column":8},"end":{"line":60,"column":8},"skip":true},{"start":{"line":60,"column":8},"end":{"line":60,"column":8},"skip":true}]},"21":{"line":64,"type":"switch","locations":[{"start":{"line":65,"column":10},"end":{"line":66,"column":73},"skip":true},{"start":{"line":67,"column":10},"end":{"line":68,"column":77},"skip":true},{"start":{"line":69,"column":10},"end":{"line":70,"column":81},"skip":true},{"start":{"line":71,"column":10},"end":{"line":72,"column":85},"skip":true},{"start":{"line":73,"column":10},"end":{"line":74,"column":89},"skip":true},{"start":{"line":75,"column":10},"end":{"line":76,"column":93},"skip":true}]},"22":{"line":90,"type":"if","locations":[{"start":{"line":90,"column":10},"end":{"line":90,"column":10},"skip":true},{"start":{"line":90,"column":10},"end":{"line":90,"column":10},"skip":true}]},"23":{"line":94,"type":"switch","locations":[{"start":{"line":95,"column":12},"end":{"line":96,"column":95},"skip":true},{"start":{"line":97,"column":12},"end":{"line":98,"column":99},"skip":true},{"start":{"line":99,"column":12},"end":{"line":100,"column":103},"skip":true},{"start":{"line":101,"column":12},"end":{"line":107,"column":96},"skip":true}]},"24":{"line":102,"type":"if","locations":[{"start":{"line":102,"column":14},"end":{"line":102,"column":14},"skip":true},{"start":{"line":102,"column":14},"end":{"line":102,"column":14},"skip":true}]}},"code":["'use strict';","","var _createClass = function () { function defineProperties(target, props) { for (var i = 0; i < props.length; i++) { var descriptor = props[i]; descriptor.enumerable = descriptor.enumerable || false; descriptor.configurable = true; if (\"value\" in descriptor) descriptor.writable = true; Object.defineProperty(target, descriptor.key, descriptor); } } return function (Constructor, protoProps, staticProps) { if (protoProps) defineProperties(Constructor.prototype, protoProps); if (staticProps) defineProperties(Constructor, staticProps); return Constructor; }; }();","","Object.defineProperty(exports, \"__esModule\", {","  value: true","});","","var _eventemitter = require('eventemitter3');","","var _eventemitter2 = _interopRequireDefault(_eventemitter);","","function _interopRequireDefault(obj) { return obj && obj.__esModule ? obj : { default: obj }; }","","function _classCallCheck(instance, Constructor) { if (!(instance instanceof Constructor)) { throw new TypeError(\"Cannot call a class as a function\"); } }","","function _possibleConstructorReturn(self, call) { if (!self) { throw new ReferenceError(\"this hasn't been initialised - super() hasn't been called\"); } return call && (typeof call === \"object\" || typeof call === \"function\") ? call : self; }","","function _inherits(subClass, superClass) { if (typeof superClass !== \"function\" && superClass !== null) { throw new TypeError(\"Super expression must either be null or a function, not \" + typeof superClass); } subClass.prototype = Object.create(superClass && superClass.prototype, { constructor: { value: subClass, enumerable: false, writable: true, configurable: true } }); if (superClass) Object.setPrototypeOf ? Object.setPrototypeOf(subClass, superClass) : subClass.__proto__ = superClass; }","","/**"," * Extension of a regular EventEmitter that provides a method"," * that returns a Promise then resolved when all listeners of the event"," * will be resolved."," */","/* istanbul ignore next */","","var AsyncEventEmitter = function (_EventEmitter) {","  _inherits(AsyncEventEmitter, _EventEmitter);","","  function AsyncEventEmitter() {","    _classCallCheck(this, AsyncEventEmitter);","","    return _possibleConstructorReturn(this, Object.getPrototypeOf(AsyncEventEmitter).apply(this, arguments));","  }","","  _createClass(AsyncEventEmitter, [{","    key: 'emitAsync',","","    /**","     * Emit an event and return a Promise that will be resolved","     * when all listeren's Promises will be resolved.","     * @param  {String} event","     * @return {Promise}","     */","    value: function emitAsync(event, a1, a2, a3, a4, a5) {","      var prefix = _eventemitter2.default.prefixed;","      var evt = prefix ? prefix + event : event;","","      if (!this._events || !this._events[evt]) {","        return Promise.resolve();","      }","","      var i = undefined;","      var listeners = this._events[evt];","      var len = arguments.length;","      var args = undefined;","","      if ('function' === typeof listeners.fn) {","        if (listeners.once) {","          this.removeListener(event, listeners.fn, undefined, true);","        }","","        switch (len) {","          case 1:","            return Promise.resolve(listeners.fn.call(listeners.context));","          case 2:","            return Promise.resolve(listeners.fn.call(listeners.context, a1));","          case 3:","            return Promise.resolve(listeners.fn.call(listeners.context, a1, a2));","          case 4:","            return Promise.resolve(listeners.fn.call(listeners.context, a1, a2, a3));","          case 5:","            return Promise.resolve(listeners.fn.call(listeners.context, a1, a2, a3, a4));","          case 6:","            return Promise.resolve(listeners.fn.call(listeners.context, a1, a2, a3, a4, a5));","        }","","        for (i = 1, args = new Array(len - 1); i < len; i++) {","          args[i - 1] = arguments[i];","        }","","        return Promise.resolve(listeners.fn.apply(listeners.context, args));","      } else {","        var promises = [];","        var length = listeners.length;","        var j = undefined;","","        for (i = 0; i < length; i++) {","          if (listeners[i].once) {","            this.removeListener(event, listeners[i].fn, undefined, true);","          }","","          switch (len) {","            case 1:","              promises.push(Promise.resolve(listeners[i].fn.call(listeners[i].context)));break;","            case 2:","              promises.push(Promise.resolve(listeners[i].fn.call(listeners[i].context, a1)));break;","            case 3:","              promises.push(Promise.resolve(listeners[i].fn.call(listeners[i].context, a1, a2)));break;","            default:","              if (!args) {","                for (j = 1, args = new Array(len - 1); j < len; j++) {","                  args[j - 1] = arguments[j];","                }","              }","              promises.push(Promise.resolve(listeners[i].fn.apply(listeners[i].context, args)));","          }","        }","","        return Promise.all(promises);","      }","    }","  }]);","","  return AsyncEventEmitter;","}(_eventemitter2.default);","","exports.default = AsyncEventEmitter;"],"l":{"3":1,"5":1,"9":1,"11":1,"13":1,"15":1,"17":1,"19":1,"28":1,"29":1,"31":1,"32":1,"34":1,"37":1,"47":1,"48":1,"50":1,"51":1,"54":1,"55":1,"56":1,"57":1,"59":1,"60":1,"61":1,"64":1,"66":1,"68":1,"70":1,"72":1,"74":1,"76":1,"79":1,"80":1,"83":1,"85":1,"86":1,"87":1,"89":1,"90":1,"91":1,"94":1,"96":1,"98":1,"100":1,"102":1,"103":1,"104":1,"107":1,"111":1,"116":1,"119":1}},"/home/travis/build/npmtest/node-npmtest-marsdb/node_modules/marsdb/dist/Collection.js":{"path":"/home/travis/build/npmtest/node-npmtest-marsdb/node_modules/marsdb/dist/Collection.js","s":{"1":1,"2":1,"3":2,"4":19,"5":19,"6":19,"7":19,"8":16,"9":19,"10":1,"11":1,"12":1,"13":1,"14":1,"15":1,"16":1,"17":1,"18":1,"19":1,"20":1,"21":1,"22":1,"23":1,"24":1,"25":1,"26":1,"27":1,"28":1,"29":1,"30":1,"31":1,"32":1,"33":1,"34":1,"35":1,"36":1,"37":1,"38":1,"39":1,"40":1,"41":10,"42":1,"43":0,"44":0,"45":1,"46":0,"47":0,"48":0,"49":1,"50":1,"51":0,"52":1,"53":1,"54":1,"55":1,"56":1,"57":1,"58":1,"59":1,"60":1,"61":1,"62":1,"63":1,"64":1,"65":1,"66":1,"67":1,"68":1,"69":1,"70":0,"71":0,"72":0,"73":0,"74":0,"75":1,"76":0,"77":0,"78":1,"79":1,"80":1,"81":1,"82":0,"83":0,"84":0,"85":0,"86":0,"87":0,"88":0,"89":0,"90":0,"91":0,"92":0,"93":0,"94":0,"95":0,"96":1,"97":0,"98":0,"99":0,"100":0,"101":0,"102":0,"103":0,"104":0,"105":0,"106":0,"107":0,"108":0,"109":0,"110":0,"111":0,"112":0,"113":0,"114":0,"115":0,"116":0,"117":0,"118":0,"119":0,"120":0,"121":0,"122":0,"123":0,"124":0,"125":0,"126":0,"127":0,"128":0,"129":0,"130":0,"131":0,"132":0,"133":0,"134":0,"135":0,"136":0,"137":0,"138":0,"139":0,"140":0,"141":0,"142":0,"143":0,"144":0,"145":0,"146":0,"147":0,"148":0,"149":0,"150":0,"151":0,"152":0,"153":0,"154":0,"155":0,"156":0,"157":0,"158":0,"159":0,"160":0,"161":0,"162":0,"163":0,"164":0,"165":0,"166":0,"167":0,"168":0,"169":0,"170":0,"171":0,"172":0,"173":0,"174":0,"175":0,"176":0,"177":0,"178":0,"179":0,"180":0,"181":0,"182":0,"183":0,"184":0,"185":1,"186":1},"b":{"1":[19,19],"2":[16,3],"3":[1,0],"4":[1,0],"5":[7,3],"6":[10,10],"7":[0,0],"8":[0,0],"9":[0,0],"10":[0,0,0],"11":[0,1],"12":[1,0],"13":[1,1],"14":[1,0],"15":[1,0],"16":[1,0],"17":[1,0],"18":[0,0],"19":[0,0],"20":[0,0],"21":[0,0],"22":[0,0],"23":[0,0],"24":[0,0],"25":[0,0],"26":[0,0],"27":[0,0],"28":[0,0],"29":[0,0],"30":[0,0],"31":[0,0],"32":[0,0],"33":[0,0],"34":[0,0],"35":[0,0],"36":[0,0],"37":[0,0],"38":[0,0],"39":[0,0],"40":[0,0],"41":[0,0],"42":[0,0],"43":[0,0],"44":[0,0],"45":[0,0],"46":[0,0],"47":[0,0],"48":[0,0],"49":[0,0],"50":[0,0],"51":[0,0],"52":[0,0],"53":[0,0],"54":[0,0],"55":[0,0],"56":[0,0],"57":[0,0],"58":[0,0],"59":[0,0],"60":[0,0]},"f":{"1":1,"2":2,"3":1,"4":10,"5":0,"6":0,"7":1,"8":1,"9":0,"10":0,"11":0,"12":1,"13":0,"14":0,"15":0,"16":0,"17":0,"18":0,"19":0,"20":0,"21":0,"22":0,"23":0,"24":0,"25":0,"26":0,"27":0,"28":0,"29":0,"30":0,"31":0,"32":0,"33":0,"34":0,"35":0,"36":0,"37":0,"38":0,"39":0},"fnMap":{"1":{"name":"(anonymous_1)","line":3,"loc":{"start":{"line":3,"column":19},"end":{"line":3,"column":31}}},"2":{"name":"defineProperties","line":3,"loc":{"start":{"line":3,"column":33},"end":{"line":3,"column":74}}},"3":{"name":"(anonymous_3)","line":3,"loc":{"start":{"line":3,"column":357},"end":{"line":3,"column":405}}},"4":{"name":"_interopRequireDefault","line":52,"loc":{"start":{"line":52,"column":0},"end":{"line":52,"column":37}}},"5":{"name":"_classCallCheck","line":54,"loc":{"start":{"line":54,"column":0},"end":{"line":54,"column":48}}},"6":{"name":"_possibleConstructorReturn","line":56,"loc":{"start":{"line":56,"column":0},"end":{"line":56,"column":48}}},"7":{"name":"_inherits","line":58,"loc":{"start":{"line":58,"column":0},"end":{"line":58,"column":41}}},"8":{"name":"_resetStartup","line":74,"loc":{"start":{"line":74,"column":0},"end":{"line":74,"column":25}}},"9":{"name":"(anonymous_9)","line":81,"loc":{"start":{"line":81,"column":13},"end":{"line":81,"column":25}}},"10":{"name":"(anonymous_10)","line":84,"loc":{"start":{"line":84,"column":44},"end":{"line":84,"column":58}}},"11":{"name":"_warnIfAlreadyStarted","line":92,"loc":{"start":{"line":92,"column":0},"end":{"line":92,"column":33}}},"12":{"name":"(anonymous_12)","line":107,"loc":{"start":{"line":107,"column":38},"end":{"line":107,"column":63}}},"13":{"name":"Collection","line":110,"loc":{"start":{"line":110,"column":2},"end":{"line":110,"column":28}}},"14":{"name":"(anonymous_14)","line":130,"loc":{"start":{"line":130,"column":23},"end":{"line":130,"column":35}}},"15":{"name":"create","line":144,"loc":{"start":{"line":144,"column":11},"end":{"line":144,"column":32}}},"16":{"name":"insert","line":158,"loc":{"start":{"line":158,"column":11},"end":{"line":158,"column":32}}},"17":{"name":"(anonymous_17)","line":172,"loc":{"start":{"line":172,"column":63},"end":{"line":172,"column":80}}},"18":{"name":"insertAll","line":188,"loc":{"start":{"line":188,"column":11},"end":{"line":188,"column":36}}},"19":{"name":"(anonymous_19)","line":193,"loc":{"start":{"line":193,"column":50},"end":{"line":193,"column":63}}},"20":{"name":"remove","line":209,"loc":{"start":{"line":209,"column":11},"end":{"line":209,"column":34}}},"21":{"name":"(anonymous_21)","line":220,"loc":{"start":{"line":220,"column":55},"end":{"line":220,"column":78}}},"22":{"name":"(anonymous_22)","line":221,"loc":{"start":{"line":221,"column":44},"end":{"line":221,"column":57}}},"23":{"name":"update","line":240,"loc":{"start":{"line":240,"column":11},"end":{"line":240,"column":44}}},"24":{"name":"(anonymous_24)","line":251,"loc":{"start":{"line":251,"column":65},"end":{"line":251,"column":80}}},"25":{"name":"(anonymous_25)","line":252,"loc":{"start":{"line":252,"column":44},"end":{"line":252,"column":60}}},"26":{"name":"find","line":271,"loc":{"start":{"line":271,"column":11},"end":{"line":271,"column":32}}},"27":{"name":"findOne","line":289,"loc":{"start":{"line":289,"column":11},"end":{"line":289,"column":35}}},"28":{"name":"count","line":308,"loc":{"start":{"line":308,"column":11},"end":{"line":308,"column":33}}},"29":{"name":"ids","line":324,"loc":{"start":{"line":324,"column":11},"end":{"line":324,"column":31}}},"30":{"name":"_lazyInitCollection","line":339,"loc":{"start":{"line":339,"column":11},"end":{"line":339,"column":42}}},"31":{"name":"get","line":364,"loc":{"start":{"line":364,"column":9},"end":{"line":364,"column":24}}},"32":{"name":"get","line":369,"loc":{"start":{"line":369,"column":9},"end":{"line":369,"column":24}}},"33":{"name":"get","line":375,"loc":{"start":{"line":375,"column":9},"end":{"line":375,"column":24}}},"34":{"name":"defaultCursor","line":381,"loc":{"start":{"line":381,"column":11},"end":{"line":381,"column":36}}},"35":{"name":"defaultStorageManager","line":400,"loc":{"start":{"line":400,"column":11},"end":{"line":400,"column":44}}},"36":{"name":"defaultIdGenerator","line":419,"loc":{"start":{"line":419,"column":11},"end":{"line":419,"column":41}}},"37":{"name":"defaultDelegate","line":438,"loc":{"start":{"line":438,"column":11},"end":{"line":438,"column":38}}},"38":{"name":"defaultIndexManager","line":457,"loc":{"start":{"line":457,"column":11},"end":{"line":457,"column":42}}},"39":{"name":"startup","line":474,"loc":{"start":{"line":474,"column":11},"end":{"line":474,"column":32}}}},"statementMap":{"1":{"start":{"line":3,"column":0},"end":{"line":3,"column":564}},"2":{"start":{"line":3,"column":33},"end":{"line":3,"column":349}},"3":{"start":{"line":3,"column":76},"end":{"line":3,"column":347}},"4":{"start":{"line":3,"column":117},"end":{"line":3,"column":143}},"5":{"start":{"line":3,"column":144},"end":{"line":3,"column":199}},"6":{"start":{"line":3,"column":200},"end":{"line":3,"column":231}},"7":{"start":{"line":3,"column":232},"end":{"line":3,"column":286}},"8":{"start":{"line":3,"column":259},"end":{"line":3,"column":286}},"9":{"start":{"line":3,"column":287},"end":{"line":3,"column":345}},"10":{"start":{"line":3,"column":350},"end":{"line":3,"column":559}},"11":{"start":{"line":3,"column":407},"end":{"line":3,"column":475}},"12":{"start":{"line":3,"column":423},"end":{"line":3,"column":475}},"13":{"start":{"line":3,"column":476},"end":{"line":3,"column":536}},"14":{"start":{"line":3,"column":493},"end":{"line":3,"column":536}},"15":{"start":{"line":3,"column":537},"end":{"line":3,"column":556}},"16":{"start":{"line":5,"column":0},"end":{"line":7,"column":3}},"17":{"start":{"line":8,"column":0},"end":{"line":8,"column":31}},"18":{"start":{"line":9,"column":0},"end":{"line":9,"column":38}},"19":{"start":{"line":10,"column":0},"end":{"line":10,"column":54}},"20":{"start":{"line":12,"column":0},"end":{"line":12,"column":35}},"21":{"start":{"line":14,"column":0},"end":{"line":14,"column":42}},"22":{"start":{"line":16,"column":0},"end":{"line":16,"column":42}},"23":{"start":{"line":18,"column":0},"end":{"line":18,"column":49}},"24":{"start":{"line":20,"column":0},"end":{"line":20,"column":41}},"25":{"start":{"line":22,"column":0},"end":{"line":22,"column":55}},"26":{"start":{"line":24,"column":0},"end":{"line":24,"column":56}},"27":{"start":{"line":26,"column":0},"end":{"line":26,"column":69}},"28":{"start":{"line":28,"column":0},"end":{"line":28,"column":46}},"29":{"start":{"line":30,"column":0},"end":{"line":30,"column":59}},"30":{"start":{"line":32,"column":0},"end":{"line":32,"column":50}},"31":{"start":{"line":34,"column":0},"end":{"line":34,"column":63}},"32":{"start":{"line":36,"column":0},"end":{"line":36,"column":58}},"33":{"start":{"line":38,"column":0},"end":{"line":38,"column":71}},"34":{"start":{"line":40,"column":0},"end":{"line":40,"column":54}},"35":{"start":{"line":42,"column":0},"end":{"line":42,"column":67}},"36":{"start":{"line":44,"column":0},"end":{"line
[...]
,"end":{"line":21,"column":213}}]},"4":{"line":22,"type":"cond-expr","locations":[{"start":{"line":22,"column":24},"end":{"line":22,"column":38}},{"start":{"line":22,"column":41},"end":{"line":22,"column":45}}]}},"code":["'use strict';","","Object.defineProperty(exports, \"__esModule\", {","  value: true","});","exports.ifNotEmpty = undefined;","","var _checkTypes = require('check-types');","","var _checkTypes2 = _interopRequireDefault(_checkTypes);","","function _interopRequireDefault(obj) { return obj && obj.__esModule ? obj : { default: obj }; }","","var ifNotEmpty = exports.ifNotEmpty = {","  method: function method() {","    this._addPipeline('ifNotEmpty');","    return this;","  },","","  process: function process(docs) {","    var isEmptyRes = !_checkTypes2.default.assigned(docs) || _checkTypes2.default.array(docs) && _checkTypes2.default.emptyArray(docs) || _checkTypes2.default.object(docs) && _checkTypes2.default.emptyObject(docs);","    return isEmptyRes ? '___[STOP]___' : docs;","  }","};"],"l":{"3":1,"6":1,"8":1,"10":1,"12":1,"14":1,"16":0,"17":0,"21":0,"22":0}},"/home/travis/build/npmtest/node-npmtest-marsdb/node_modules/marsdb/dist/debounce.js":{"path":"/home/travis/build/npmtest/node-npmtest-marsdb/node_modules/marsdb/dist/debounce.js","s":{"1":1,"2":1,"3":1,"4":0,"5":0,"6":0,"7":0,"8":0,"9":0,"10":0,"11":0,"12":0,"13":0,"14":0,"15":0,"16":0,"17":0,"18":0,"19":0,"20":0,"21":0,"22":0,"23":0,"24":0,"25":0,"26":0,"27":0,"28":0,"29":0,"30":0,"31":0,"32":0,"33":0,"34":0,"35":0,"36":0,"37":0,"38":0,"39":0,"40":0,"41":0,"42":0,"43":0,"44":0,"45":0,"46":0},"b":{"1":[0,0],"2":[0,0],"3":[0,0],"4":[0,0],"5":[0,0]},"f":{"1":0,"2":0,"3":0,"4":0,"5":0,"6":0,"7":0},"fnMap":{"1":{"name":"debounce","line":17,"loc":{"start":{"line":17,"column":0},"end":{"line":17,"column":41}}},"2":{"name":"debouncer","line":24,"loc":{"start":{"line":24,"column":18},"end":{"line":24,"column":39}}},"3":{"name":"(anonymous_3)","line":29,"loc":{"start":{"line":29,"column":28},"end":{"line":29,"column":55}}},"4":{"name":"maybeResolve","line":30,"loc":{"start":{"line":30,"column":24},"end":{"line":30,"column":48}}},"5":{"name":"updateBatchSize","line":63,"loc":{"start":{"line":63,"column":24},"end":{"line":63,"column":63}}},"6":{"name":"updateWait","line":66,"loc":{"start":{"line":66,"column":19},"end":{"line":66,"column":48}}},"7":{"name":"cancel","line":69,"loc":{"start":{"line":69,"column":15},"end":{"line":69,"column":33}}}},"statementMap":{"1":{"start":{"line":3,"column":0},"end":{"line":5,"column":3}},"2":{"start":{"line":6,"column":0},"end":{"line":6,"column":27}},"3":{"start":{"line":17,"column":0},"end":{"line":78,"column":1}},"4":{"start":{"line":18,"column":2},"end":{"line":18,"column":21}},"5":{"start":{"line":19,"column":2},"end":{"line":19,"column":21}},"6":{"start":{"line":20,"column":2},"end":{"line":20,"column":21}},"7":{"start":{"line":21,"column":2},"end":{"line":21,"column":26}},"8":{"start":{"line":22,"column":2},"end":{"line":22,"column":27}},"9":{"start":{"line":24,"column":2},"end":{"line":61,"column":4}},"10":{"start":{"line":25,"column":4},"end":{"line":25,"column":23}},"11":{"start":{"line":26,"column":4},"end":{"line":26,"column":25}},"12":{"start":{"line":28,"column":4},"end":{"line":57,"column":5}},"13":{"start":{"line":29,"column":6},"end":{"line":44,"column":9}},"14":{"start":{"line":30,"column":8},"end":{"line":42,"column":10}},"15":{"start":{"line":31,"column":10},"end":{"line":41,"column":11}},"16":{"start":{"line":32,"column":12},"end":{"line":32,"column":54}},"17":{"start":{"line":33,"column":12},"end":{"line":33,"column":33}},"18":{"start":{"line":35,"column":12},"end":{"line":35,"column":47}},"19":{"start":{"line":36,"column":12},"end":{"line":36,"column":27}},"20":{"start":{"line":37,"column":12},"end":{"line":37,"column":27}},"21":{"start":{"line":38,"column":12},"end":{"line":38,"column":27}},"22":{"start":{"line":39,"column":12},"end":{"line":39,"column":32}},"23":{"start":{"line":40,"column":12},"end":{"line":40,"column":33}},"24":{"start":{"line":43,"column":8},"end":{"line":43,"column":24}},"25":{"start":{"line":46,"column":6},"end":{"line":46,"column":57}},"26":{"start":{"line":47,"column":6},"end":{"line":47,"column":30}},"27":{"start":{"line":49,"column":6},"end":{"line":56,"column":7}},"28":{"start":{"line":50,"column":8},"end":{"line":50,"column":36}},"29":{"start":{"line":51,"column":8},"end":{"line":51,"column":44}},"30":{"start":{"line":52,"column":8},"end":{"line":52,"column":30}},"31":{"start":{"line":53,"column":8},"end":{"line":53,"column":24}},"32":{"start":{"line":54,"column":8},"end":{"line":54,"column":24}},"33":{"start":{"line":55,"column":8},"end":{"line":55,"column":29}},"34":{"start":{"line":59,"column":4},"end":{"line":59,"column":20}},"35":{"start":{"line":60,"column":4},"end":{"line":60,"column":19}},"36":{"start":{"line":63,"column":2},"end":{"line":65,"column":4}},"37":{"start":{"line":64,"column":4},"end":{"line":64,"column":29}},"38":{"start":{"line":66,"column":2},"end":{"line":68,"column":4}},"39":{"start":{"line":67,"column":4},"end":{"line":67,"column":19}},"40":{"start":{"line":69,"column":2},"end":{"line":71,"column":4}},"41":{"start":{"line":70,"column":4},"end":{"line":70,"column":26}},"42":{"start":{"line":73,"column":2},"end":{"line":73,"column":46}},"43":{"start":{"line":74,"column":2},"end":{"line":74,"column":36}},"44":{"start":{"line":75,"column":2},"end":{"line":75,"column":28}},"45":{"start":{"line":76,"column":2},"end":{"line":76,"column":24}},"46":{"start":{"line":77,"column":2},"end":{"line":77,"column":19}}},"branchMap":{"1":{"line":28,"type":"if","locations":[{"start":{"line":28,"column":4},"end":{"line":28,"column":4}},{"start":{"line":28,"column":4},"end":{"line":28,"column":4}}]},"2":{"line":31,"type":"if","locations":[{"start":{"line":31,"column":10},"end":{"line":31,"column":10}},{"start":{"line":31,"column":10},"end":{"line":31,"column":10}}]},"3":{"line":46,"type":"binary-expr","locations":[{"start":{"line":46,"column":20},"end":{"line":46,"column":29}},{"start":{"line":46,"column":33},"end":{"line":46,"column":56}}]},"4":{"line":49,"type":"if","locations":[{"start":{"line":49,"column":6},"end":{"line":49,"column":6}},{"start":{"line":49,"column":6},"end":{"line":49,"column":6}}]},"5":{"line":49,"type":"binary-expr","locations":[{"start":{"line":49,"column":10},"end":{"line":49,"column":17}},{"start":{"line":49,"column":21},"end":{"line":49,"column":34}}]}},"code":["\"use strict\";","","Object.defineProperty(exports, \"__esModule\", {","  value: true","});","exports.default = debounce;","/**"," * Debounce with updetable wait time and force"," * execution on some number of calls (batch execution)"," * Return promise that resolved with result of execution."," * Promise cerated on each new execution (on idle)."," * @param  {Function} func"," * @param  {Number} wait"," * @param  {Number} batchSize"," * @return {Promise}"," */","function debounce(func, wait, batchSize) {","  var timeout = null;","  var callsCount = 0;","  var promise = null;","  var doNotResolve = true;","  var _maybeResolve = null;","","  var debouncer = function debouncer() {","    var context = this;","    var args = arguments;","","    if (!promise) {","      promise = new Promise(function (resolve, reject) {","        _maybeResolve = function maybeResolve() {","          if (doNotResolve) {","            timeout = setTimeout(_maybeResolve, wait);","            doNotResolve = false;","          } else {","            resolve(func.apply(context, args));","            promise = null;","            callsCount = 0;","            timeout = null;","            doNotResolve = true;","            _maybeResolve = null;","          }","        };","        _maybeResolve();","      });","    } else {","      var callNow = batchSize && callsCount >= batchSize;","      doNotResolve = !callNow;","","      if (callNow && _maybeResolve) {","        var returnPromise = promise;","        returnPromise.debouncePassed = true;","        clearTimeout(timeout);","        _maybeResolve();","        callsCount += 1;","        return returnPromise;","      }","    }","","    callsCount += 1;","    return promise;","  };","","  var updateBatchSize = function updateBatchSize(newBatchSize) {","    batchSize = newBatchSize;","  };","  var updateWait = function updateWait(newWait) {","    wait = newWait;","  };","  var cancel = function cancel() {","    clearTimeout(timeout);","  };","","  debouncer.updateBatchSize = updateBatchSize;","  debouncer.updateWait = updateWait;","  debouncer.cancel = cancel;","  debouncer.func = func;","  return debouncer;","}"],"l":{"3":1,"6":1,"17":1,"18":0,"19":0,"20":0,"21":0,"22":0,"24":0,"25":0,"26":0,"28":0,"29":0,"30":0,"31":0,"32":0,"33":0,"35":0,"36":0,"37":0,"38":0,"39":0,"40":0,"43":0,"46":0,"47":0,"49":0,"50":0,"51":0,"52":0,"53":0,"54":0,"55":0,"59":0,"60":0,"63":0,"64":0,"66":0,"67":0,"69":0,"70":0,"73":0,"74":0,"75":0,"76":0,"77":0}},"/home/travis/build/npmtest/node-npmtest-marsdb/node_modules/marsdb/dist/ShortIdGenerator.js":{"path":"/home/travis/build/npmtest/node-npmtest-marsdb/node_modules/marsdb/dist/ShortIdGenerator.js","s":{"1":1,"2":1,"3":0,"4":0,"5":0,"6":1,"7":1,"8":1,"9":1},"b":{"1":[1,0],"2":[1,1]},"f":{"1":0,"2":1},"fnMap":{"1":{"name":"(anonymous_1)","line":7,"loc":{"start":{"line":7,"column":18},"end":{"line":7,"column":39}}},"2":{"name":"_interopRequireDefault","line":20,"loc":{"start":{"line":20,"column":0},"end":{"line":20,"column":37}}}},"statementMap":{"1":{"start":{"line":3,"column":0},"end":{"line":5,"column":3}},"2":{"start":{"line":7,"column":0},"end":{"line":14,"column":2}},"3":{"start":{"line":8,"column":2},"end":{"line":8,"column":58}},"4":{"start":{"line":9,"column":2},"end":{"line":9,"column":60}},"5":{"start":{"line":10,"column":2},"end":{"line":13,"column":4}},"6":{"start":{"line":16,"column":0},"end":{"line":16,"column":34}},"7":{"start":{"line":18,"column":0},"end":{"line":18,"column":47}},"8":{"start":{"line":20,"column":0},"end":{"line":20,"column":95}},"9":{"start":{"line":20,"column":39},"end":{"line":20,"column":93}}},"branchMap":{"1":{"line":20,"type":"cond-expr","locations":[{"start":{"line":20,"column":70},"end":{"line":20,"column":73}},{"start":{"line":20,"column":76},"end":{"line":20,"column":92}}]},"2":{"line":20,"type":"binary-expr","locations":[{"start":{"line":20,"column":46},"end":{"line":20,"column":49}},{"start":{"line":20,"column":53},"end":{"line":20,"column":67}}]}},"code":["'use strict';","","Object.defineProperty(exports, \"__esModule\", {","  value: true","});","","exports.default = function (modelName) {","  var nextSeed = _Random2.default.default().hexString(20);","  var sequenceSeed = [nextSeed, '/collection/' + modelName];","  return {","    value: _Random2.default.createWithSeeds.apply(null, sequenceSeed).id(17),","    seed: nextSeed","  };","};","","var _Random = require('./Random');","","var _Random2 = _interopRequireDefault(_Random);","","function _interopRequireDefault(obj) { return obj && obj.__esModule ? obj : { default: obj }; }"],"l":{"3":1,"7":1,"8":0,"9":0,"10":0,"16":1,"18":1,"20":1}},"/home/travis/build/npmtest/node-npmtest-marsdb/node_modules/marsdb/babelhook.js":{"path":"/home/travis/build/npmtest/node-npmtest-marsdb/node_modules/marsdb/babelhook.js","s":{"1":2},"b":{},"f":{},"fnMap":{},"statementMap":{"1":{"start":{"line":1,"column":0},"end":{"line":1,"column":28}}},"branchMap":{},"code":["require(\"babel-register\")();"],"l":{"1":2}},"/home/travis/build/npmtest/node-npmtest-marsdb/node_modules/marsdb/gulpfile.js":{"path":"/home/travis/build/npmtest/node-npmtest-marsdb/node_modules/marsdb/gulpfile.js","s":{"1":2,"2":0},"b":{},"f":{},"fnMap":{},"statementMap":{"1":{"start":{"line":3,"column":0},"end":{"line":3,"column":40}},"2":{"start":{"line":4,"column":0},"end":{"line":4,"column":46}}},"branchMap":{},"code":["'use strict';","","var requireDir = require('require-dir');","requireDir('./gulp/tasks', { recurse: true });"],"l":{"3":2,"4":0}},"/home/travis/build/npmtest/node-npmtest-marsdb/node_modules/marsdb/polyfills.js":{"path":"/home/travis/build/npmtest/node-npmtest-marsdb/node_modules/marsdb/polyfills.js","s":{"1":2,"2":0,"3":0,"4":0,"5":0,"6":2,"7":0,"8":0,"9":0},"b":{"1":[0,2]},"f":{},"fnMap":{},"statementMap":{"1":{"start":{"line":1,"column":0},"end":{"line":11,"column":1}},"2":{"start":{"line":2,"column":2},"end":{"line":2,"column":48}},"3":{"start":{"line":3,"column":2},"end":{"line":3,"column":50}},"4":{"start":{"line":4,"column":2},"end":{"line":4,"column":42}},"5":{"start":{"line":5,"column":2},"end":{"line":5,"column":42}},"6":{"start":{"line":7,"column":2},"end":{"line":7,"column":48}},"7":{"start":{"line":8,"column":2},"end":{"line":8,"column":50}},"8":{"start":{"line":9,"column":2},"end":{"line":9,"column":42}},"9":{"start":{"line":10,"column":2},"end":{"line":10,"column":42}}},"branchMap":{"1":{"line":1,"type":"if","locations":[{"start":{"line":1,"column":0},"end":{"line":1,"column":0}},{"start":{"line":1,"column":0},"end":{"line":1,"column":0}}]}},"code":["if (typeof window !== 'undefined') {","  window.Symbol = require(\"core-js/es6/symbol\");","  window.Promise = require(\"core-js/es6/promise\");","  window.Set = require(\"core-js/es6/set\");","  window.Map = require(\"core-js/es6/map\");","} else {","  global.Symbol = require(\"core-js/es6/symbol\");","  global.Promise = require(\"core-js/es6/promise\");","  global.Set = require(\"core-js/es6/set\");","  global.Map = require(\"core-js/es6/map\");","}"],"l":{"1":2,"2":0,"3":0,"4":0,"5":0,"7":2,"8":0,"9":0,"10":0}},"/home/travis/build/npmtest/node-npmtest-marsdb/node_modules/marsdb/gulp/config.js":{"path":"/home/travis/build/npmtest/node-npmtest-marsdb/node_modules/marsdb/gulp/config.js","s":{"1":1},"b":{},"f":{},"fnMap":{},"statementMap":{"1":{"start":{"line":3,"column":0},"end":{"line":16,"column":2}}},"branchMap":{},"code":["'use strict';","","module.exports = {","  src: 'lib/**/*',","  dist: 'dist',","  build: 'build',","","  browser: {","    bundleName: 'marsdb.js',","    bundleMinName: 'marsdb.min.js',","    bundlePolyfillsName: 'marsdb.polyfills.js',","    entry: 'index.js',","    entryTests: 'browser_tests.js',","    entryPolyfills: 'polyfills.js',","  }","};",""],"l":{"3":1}},"/home/travis/build/npmtest/node-npmtest-marsdb/node_modules/marsdb/gulp/tasks/clean.js":{"path":"/home/travis/build/npmtest/node-npmtest-marsdb/node_modules/marsdb/gulp/tasks/clean.js","s":{"1":2,"2":2,"3":0,"4":0,"5":0,"6":0},"b":{},"f":{"1":0,"2":0},"fnMap":{"1":{"name":"(anonymous_1)","line":7,"loc":{"start":{"line":7,"column":19},"end":{"line":7,"column":32}}},"2":{"name":"(anonymous_2)","line":8,"loc":{"start":{"line":8,"column":40},"end":{"line":8,"column":57}}}},"statementMap":{"1":{"start":{"line":3,"column":0},"end":{"line":3,"column":34}},"2":{"start":{"line":4,"column":0},"end":{"line":4,"column":29}},"3":{"start":{"line":5,"column":0},"end":{"line":5,"column":28}},"4":{"start":{"line":7,"column":0},"end":{"line":11,"column":3}},"5":{"start":{"line":8,"column":2},"end":{"line":10,"column":5}},"6":{"start":{"line":9,"column":4},"end":{"line":9,"column":9}}},"branchMap":{},"code":["'use strict';","","var config = require('../config');","var gulp   = require('gulp');","var del    = require('del');","","gulp.task('clean', function(cb) {","  del([config.dist, config.build]).then(function (paths) {","    cb();","  });","});"],"l":{"3":2,"4":2,"5":0,"7":0,"8":0,"9":0}},"/home/travis/build/npmtest/node-npmtest-marsdb/node_modules/marsdb/gulp/tasks/default.js":{"path":"/home/travis/build/npmtest/node-npmtest-marsdb/node_modules/marsdb/gulp/tasks/default.js","s":{"1":2,"2":0},"b":{},"f":{},"fnMap":{},"statementMap":{"1":{"start":{"line":3,"column":0},"end":{"line":3,"column":27}},"2":{"start":{"line":4,"column":0},"end":{"line":4,"column":30}}},"branchMap":{},"code":["'use strict';","","var gulp = require('gulp');","gulp.task('default', ['dev']);"],"l":{"3":2,"4":0}},"/home/travis/build/npmtest/node-npmtest-marsdb/node_modules/marsdb/gulp/tasks/dev.js":{"path":"/home/travis/build/npmtest/node-npmtest-marsdb/node_modules/marsdb/gulp/tasks/dev.js","s":{"1":2,"2":0,"3":0,"4":0,"5":0,"6":0,"7":0},"b":{"1":[0,0]},"f":{"1":0,"2":0},"fnMap":{"1":{"name":"(anonymous_1)","line":6,"loc":{"start":{"line":6,"column":28},"end":{"line":6,"column":41}}},"2":{"name":"(anonymous_2)","line":7,"loc":{"start":{"line":7,"column":13},"end":{"line":7,"column":24}}}},"statementMap":{"1":{"start":{"line":3,"column":0},"end":{"line":3,"column":27}},"2":{"start":{"line":4,"column":0},"end":{"line":4,"column":42}},"3":{"start":{"line":6,"column":0},"end":{"line":11,"column":3}},"4":{"start":{"line":7,"column":2},"end":{"line":7,"column":27}},"5":{"start":{"line":8,"column":2},"end":{"line":8,"column":23}},"6":{"start":{"line":9,"column":2},"end":{"line":9,"column":38}},"7":{"start":{"line":10,"column":2},"end":{"line":10,"column":44}}},"branchMap":{"1":{"line":7,"type":"binary-expr","locations":[{"start":{"line":7,"column":7},"end":{"line":7,"column":9}},{"start":{"line":7,"column":13},"end":{"line":7,"column":26}}]}},"code":["'use strict';","","var gulp = require('gulp');","var runSequence = require('run-sequence');","","gulp.task('dev', ['clean'], function(cb) {","  cb = cb || function() {};","  global.isProd = true;","  process.env.NODE_ENV = 'production';","  runSequence('build', 'lint', 'watch', cb);","});"],"l":{"3":2,"4":0,"6":0,"7":0,"8":0,"9":0,"10":0}},"/home/travis/build/npmtest/node-npmtest-marsdb/node_modules/marsdb/gulp/tasks/lint.js":{"path":"/home/travis/build/npmtest/node-npmtest-marsdb/node_modules/marsdb/gulp/tasks/lint.js","s":{"1":2,"2":2,"3":0,"4":0,"5":0},"b":{},"f":{"1":0},"fnMap":{"1":{"name":"(anonymous_1)","line":7,"loc":{"start":{"line":7,"column":18},"end":{"line":7,"column":29}}}},"statementMap":{"1":{"start":{"line":3,"column":0},"end":{"line":3,"column":34}},"2":{"start":{"line":4,"column":0},"end":{"line":4,"column":29}},"3":{"start":{"line":5,"column":0},"end":{"line":5,"column":36}},"4":{"start":{"line":7,"column":0},"end":{"line":12,"column":3}},"5":{"start":{"line":8,"column":2},"end":{"line":10,"column":26}}},"branchMap":{},"code":["'use strict';","","var config = require('../config');","var gulp   = require('gulp');","var eslint = require('gulp-eslint');","","gulp.task('lint', function() {","  return gulp.src([config.src])","    .pipe(eslint())","    .pipe(eslint.format())","    //.pipe(eslint.failOnError());","});"],"l":{"3":2,"4":2,"5":0,"7":0,"8":0}},"/home/travis/build/npmtest/node-npmtest-marsdb/node_modules/marsdb/gulp/tasks/release.js":{"path":"/home/travis/build/npmtest/node-npmtest-marsdb/node_modules/marsdb/gulp/tasks/release.js","s":{"1":2,"2":0,"3":0,"4":0,"5":0,"6":0,"7":0},"b":{"1":[0,0]},"f":{"1":0,"2":0},"fnMap":{"1":{"name":"(anonymous_1)","line":6,"loc":{"start":{"line":6,"column":32},"end":{"line":6,"column":45}}},"2":{"name":"(anonymous_2)","line":7,"loc":{"start":{"line":7,"column":13},"end":{"line":7,"column":24}}}},"statementMap":{"1":{"start":{"line":3,"column":0},"end":{"line":3,"column":27}},"2":{"start":{"line":4,"column":0},"end":{"line":4,"column":42}},"3":{"start":{"line":6,"column":0},"end":{"line":11,"column":3}},"4":{"start":{"line":7,"column":2},"end":{"line":7,"column":27}},"5":{"start":{"line":8,"column":2},"end":{"line":8,"column":23}},"6":{"start":{"line":9,"column":2},"end":{"line":9,"column":38}},"7":{"start":{"line":10,"column":2},"end":{"line":10,"column":35}}},"branchMap":{"1":{"line":7,"type":"binary-expr","locations":[{"start":{"line":7,"column":7},"end":{"line":7,"column":9}},{"start":{"line":7,"column":13},"end":{"line":7,"column":26}}]}},"code":["'use strict';","","var gulp = require('gulp');","var runSequence = require('run-sequence');","","gulp.task('release', ['clean'], function(cb) {","  cb = cb || function() {};","  global.isProd = true;","  process.env.NODE_ENV = 'production';","  runSequence('build', 'lint', cb);","});"],"l":{"3":2,"4":0,"6":0,"7":0,"8":0,"9":0,"10":0}}}